<?xml version="1.0" encoding="UTF-8"?>
<coverage generated="1651035370875" clover="3.2.0">
  <project timestamp="1651035370875" name="All files">
    <metrics statements="562" coveredstatements="560" conditionals="274" coveredconditionals="268" methods="97" coveredmethods="96" elements="933" coveredelements="924" complexity="0" loc="562" ncloc="562" packages="5" files="11" classes="11"/>
    <package name="evaluate">
      <metrics statements="65" coveredstatements="65" conditionals="28" coveredconditionals="28" methods="10" coveredmethods="10"/>
      <file name="evaluate.js" path="/home/alivesurfin/uni2/code_quality/development/code/parsing/evaluate/evaluate.js">
        <metrics statements="65" coveredstatements="65" conditionals="28" coveredconditionals="28" methods="10" coveredmethods="10"/>
        <line num="15" count="30" type="stmt"/>
        <line num="17" count="30" type="stmt"/>
        <line num="18" count="30" type="stmt"/>
        <line num="19" count="30" type="stmt"/>
        <line num="20" count="30" type="stmt"/>
        <line num="22" count="1" type="stmt"/>
        <line num="24" count="30" type="cond" truecount="2" falsecount="0"/>
        <line num="25" count="1" type="stmt"/>
        <line num="27" count="29" type="stmt"/>
        <line num="28" count="29" type="stmt"/>
        <line num="40" count="29" type="stmt"/>
        <line num="41" count="29" type="stmt"/>
        <line num="42" count="29" type="stmt"/>
        <line num="43" count="29" type="stmt"/>
        <line num="44" count="29" type="stmt"/>
        <line num="45" count="29" type="stmt"/>
        <line num="46" count="29" type="stmt"/>
        <line num="59" count="29" type="stmt"/>
        <line num="60" count="14" type="stmt"/>
        <line num="61" count="14" type="stmt"/>
        <line num="62" count="14" type="cond" truecount="2" falsecount="0"/>
        <line num="63" count="1" type="stmt"/>
        <line num="65" count="14" type="stmt"/>
        <line num="66" count="14" type="stmt"/>
        <line num="67" count="14" type="stmt"/>
        <line num="68" count="22" type="cond" truecount="2" falsecount="0"/>
        <line num="69" count="1" type="stmt"/>
        <line num="74" count="1" type="stmt"/>
        <line num="75" count="1" type="stmt"/>
        <line num="77" count="21" type="stmt"/>
        <line num="78" count="21" type="stmt"/>
        <line num="80" count="14" type="cond" truecount="2" falsecount="0"/>
        <line num="81" count="1" type="stmt"/>
        <line num="83" count="14" type="stmt"/>
        <line num="92" count="84" type="cond" truecount="5" falsecount="0"/>
        <line num="94" count="9" type="stmt"/>
        <line num="96" count="41" type="stmt"/>
        <line num="97" count="38" type="stmt"/>
        <line num="99" count="15" type="stmt"/>
        <line num="100" count="25" type="stmt"/>
        <line num="101" count="15" type="stmt"/>
        <line num="103" count="9" type="stmt"/>
        <line num="104" count="9" type="stmt"/>
        <line num="105" count="9" type="stmt"/>
        <line num="115" count="15" type="stmt"/>
        <line num="116" count="15" type="cond" truecount="2" falsecount="0"/>
        <line num="117" count="1" type="stmt"/>
        <line num="118" count="1" type="stmt"/>
        <line num="121" count="14" type="cond" truecount="2" falsecount="0"/>
        <line num="131" count="34" type="stmt"/>
        <line num="132" count="34" type="stmt"/>
        <line num="133" count="34" type="cond" truecount="2" falsecount="0"/>
        <line num="134" count="1" type="stmt"/>
        <line num="136" count="34" type="stmt"/>
        <line num="137" count="34" type="stmt"/>
        <line num="138" count="34" type="stmt"/>
        <line num="139" count="34" type="cond" truecount="2" falsecount="0"/>
        <line num="140" count="1" type="stmt"/>
        <line num="143" count="34" type="cond" truecount="2" falsecount="0"/>
        <line num="144" count="25" type="cond" truecount="2" falsecount="0"/>
        <line num="145" count="1" type="stmt"/>
        <line num="147" count="24" type="stmt"/>
        <line num="150" count="9" type="cond" truecount="2" falsecount="0"/>
        <line num="151" count="1" type="stmt"/>
        <line num="153" count="8" type="stmt"/>
      </file>
    </package>
    <package name="evaluate.complexity">
      <metrics statements="158" coveredstatements="157" conditionals="75" coveredconditionals="73" methods="16" coveredmethods="16"/>
      <file name="cyclomatic.js" path="/home/alivesurfin/uni2/code_quality/development/code/parsing/evaluate/complexity/cyclomatic.js">
        <metrics statements="20" coveredstatements="20" conditionals="13" coveredconditionals="13" methods="2" coveredmethods="2"/>
        <line num="15" count="34" type="stmt"/>
        <line num="16" count="34" type="stmt"/>
        <line num="17" count="4" type="stmt"/>
        <line num="18" count="4" type="cond" truecount="2" falsecount="0"/>
        <line num="19" count="1" type="stmt"/>
        <line num="30" count="14" type="cond" truecount="2" falsecount="0"/>
        <line num="31" count="3" type="stmt"/>
        <line num="33" count="11" type="cond" truecount="7" falsecount="0"/>
        <line num="35" count="2" type="stmt"/>
        <line num="39" count="1" type="stmt"/>
        <line num="40" count="1" type="stmt"/>
        <line num="42" count="4" type="stmt"/>
        <line num="43" count="3" type="cond" truecount="2" falsecount="0"/>
        <line num="44" count="1" type="stmt"/>
        <line num="47" count="3" type="stmt"/>
        <line num="49" count="3" type="stmt"/>
        <line num="50" count="3" type="stmt"/>
        <line num="51" count="3" type="stmt"/>
        <line num="52" count="3" type="stmt"/>
        <line num="54" count="1" type="stmt"/>
      </file>
      <file name="halstead.js" path="/home/alivesurfin/uni2/code_quality/development/code/parsing/evaluate/complexity/halstead.js">
        <metrics statements="138" coveredstatements="137" conditionals="62" coveredconditionals="60" methods="14" coveredmethods="14"/>
        <line num="7" count="63" type="stmt"/>
        <line num="8" count="63" type="stmt"/>
        <line num="9" count="63" type="stmt"/>
        <line num="10" count="63" type="stmt"/>
        <line num="11" count="63" type="stmt"/>
        <line num="12" count="63" type="stmt"/>
        <line num="13" count="63" type="stmt"/>
        <line num="14" count="63" type="stmt"/>
        <line num="17" count="64" type="stmt"/>
        <line num="18" count="64" type="stmt"/>
        <line num="19" count="64" type="stmt"/>
        <line num="20" count="64" type="stmt"/>
        <line num="21" count="64" type="stmt"/>
        <line num="22" count="64" type="stmt"/>
        <line num="23" count="64" type="stmt"/>
        <line num="24" count="64" type="stmt"/>
        <line num="25" count="64" type="stmt"/>
        <line num="43" count="161" type="cond" truecount="2" falsecount="0"/>
        <line num="44" count="135" type="stmt"/>
        <line num="45" count="135" type="stmt"/>
        <line num="47" count="161" type="stmt"/>
        <line num="50" count="401" type="cond" truecount="2" falsecount="0"/>
        <line num="51" count="248" type="stmt"/>
        <line num="52" count="248" type="stmt"/>
        <line num="54" count="401" type="stmt"/>
        <line num="57" count="342" type="cond" truecount="2" falsecount="0"/>
        <line num="58" count="10" type="stmt"/>
        <line num="61" count="332" type="cond" truecount="26" falsecount="2"/>
        <line num="63" count="29" type="stmt"/>
        <line num="64" count="36" type="stmt"/>
        <line num="66" count="29" type="stmt"/>
        <line num="68" count="82" type="stmt"/>
        <line num="69" count="82" type="stmt"/>
        <line num="70" count="82" type="stmt"/>
        <line num="71" count="20" type="stmt"/>
        <line num="73" count="82" type="stmt"/>
        <line num="75" count="52" type="stmt"/>
        <line num="76" count="52" type="stmt"/>
        <line num="78" count="4" type="stmt"/>
        <line num="79" count="4" type="stmt"/>
        <line num="81" count="4" type="stmt"/>
        <line num="82" count="4" type="stmt"/>
        <line num="83" count="4" type="stmt"/>
        <line num="84" count="4" type="stmt"/>
        <line num="85" count="4" type="stmt"/>
        <line num="86" count="4" type="stmt"/>
        <line num="88" count="1" type="stmt"/>
        <line num="89" count="1" type="stmt"/>
        <line num="90" count="1" type="stmt"/>
        <line num="91" count="1" type="stmt"/>
        <line num="92" count="1" type="stmt"/>
        <line num="93" count="1" type="stmt"/>
        <line num="94" count="1" type="stmt"/>
        <line num="96" count="8" type="stmt"/>
        <line num="97" count="8" type="stmt"/>
        <line num="98" count="8" type="stmt"/>
        <line num="99" count="8" type="stmt"/>
        <line num="101" count="11" type="stmt"/>
        <line num="102" count="11" type="stmt"/>
        <line num="104" count="1" type="stmt"/>
        <line num="105" count="1" type="stmt"/>
        <line num="106" count="1" type="stmt"/>
        <line num="107" count="1" type="stmt"/>
        <line num="108" count="1" type="stmt"/>
        <line num="109" count="1" type="stmt"/>
        <line num="110" count="1" type="stmt"/>
        <line num="111" count="1" type="stmt"/>
        <line num="112" count="1" type="stmt"/>
        <line num="113" count="1" type="stmt"/>
        <line num="115" count="4" type="stmt"/>
        <line num="116" count="5" type="stmt"/>
        <line num="117" count="5" type="cond" truecount="2" falsecount="0"/>
        <line num="118" count="1" type="stmt"/>
        <line num="121" count="4" type="stmt"/>
        <line num="127" count="18" type="stmt"/>
        <line num="128" count="18" type="stmt"/>
        <line num="129" count="18" type="stmt"/>
        <line num="130" count="18" type="stmt"/>
        <line num="132" count="1" type="stmt"/>
        <line num="133" count="1" type="stmt"/>
        <line num="134" count="1" type="stmt"/>
        <line num="136" count="2" type="stmt"/>
        <line num="137" count="2" type="stmt"/>
        <line num="138" count="2" type="stmt"/>
        <line num="139" count="2" type="stmt"/>
        <line num="140" count="3" type="stmt"/>
        <line num="141" count="3" type="cond" truecount="2" falsecount="0"/>
        <line num="142" count="2" type="stmt"/>
        <line num="145" count="2" type="stmt"/>
        <line num="147" count="2" type="stmt"/>
        <line num="148" count="2" type="stmt"/>
        <line num="149" count="2" type="cond" truecount="2" falsecount="0"/>
        <line num="150" count="1" type="stmt"/>
        <line num="151" count="1" type="stmt"/>
        <line num="153" count="1" type="stmt"/>
        <line num="155" count="2" type="stmt"/>
        <line num="157" count="1" type="stmt"/>
        <line num="158" count="1" type="stmt"/>
        <line num="159" count="1" type="stmt"/>
        <line num="160" count="2" type="stmt"/>
        <line num="161" count="2" type="cond" truecount="2" falsecount="0"/>
        <line num="162" count="1" type="stmt"/>
        <line num="165" count="1" type="stmt"/>
        <line num="167" count="1" type="stmt"/>
        <line num="168" count="1" type="stmt"/>
        <line num="169" count="1" type="stmt"/>
        <line num="170" count="3" type="stmt"/>
        <line num="171" count="3" type="cond" truecount="2" falsecount="0"/>
        <line num="172" count="2" type="stmt"/>
        <line num="175" count="1" type="stmt"/>
        <line num="177" count="1" type="stmt"/>
        <line num="178" count="1" type="stmt"/>
        <line num="180" count="5" type="stmt"/>
        <line num="181" count="5" type="stmt"/>
        <line num="183" count="1" type="stmt"/>
        <line num="184" count="1" type="stmt"/>
        <line num="186" count="15" type="stmt"/>
        <line num="187" count="15" type="stmt"/>
        <line num="189" count="1" type="stmt"/>
        <line num="191" count="6" type="stmt"/>
        <line num="192" count="6" type="stmt"/>
        <line num="193" count="6" type="stmt"/>
        <line num="195" count="68" type="stmt"/>
        <line num="196" count="68" type="stmt"/>
        <line num="197" count="68" type="stmt"/>
        <line num="198" count="68" type="stmt"/>
        <line num="199" count="8" type="stmt"/>
        <line num="201" count="68" type="stmt"/>
        <line num="202" count="68" type="stmt"/>
        <line num="204" count="15" type="stmt"/>
        <line num="205" count="15" type="cond" truecount="2" falsecount="0"/>
        <line num="206" count="9" type="stmt"/>
        <line num="207" count="9" type="stmt"/>
        <line num="209" count="15" type="stmt"/>
        <line num="210" count="15" type="stmt"/>
        <line num="211" count="25" type="stmt"/>
        <line num="212" count="15" type="stmt"/>
        <line num="215" count="0" type="stmt"/>
      </file>
    </package>
    <package name="parser">
      <metrics statements="289" coveredstatements="288" conditionals="150" coveredconditionals="147" methods="61" coveredmethods="61"/>
      <file name="AST_CONST_TYPES.js" path="/home/alivesurfin/uni2/code_quality/development/code/parsing/parser/AST_CONST_TYPES.js">
        <metrics statements="1" coveredstatements="1" conditionals="0" coveredconditionals="0" methods="0" coveredmethods="0"/>
        <line num="7" count="27" type="stmt"/>
      </file>
      <file name="Parser.js" path="/home/alivesurfin/uni2/code_quality/development/code/parsing/parser/Parser.js">
        <metrics statements="277" coveredstatements="276" conditionals="134" coveredconditionals="131" methods="55" coveredmethods="55"/>
        <line num="21" count="55" type="stmt"/>
        <line num="22" count="55" type="stmt"/>
        <line num="39" count="95" type="stmt"/>
        <line num="40" count="95" type="stmt"/>
        <line num="41" count="95" type="stmt"/>
        <line num="42" count="94" type="stmt"/>
        <line num="43" count="92" type="cond" truecount="2" falsecount="0"/>
        <line num="44" count="6" type="stmt"/>
        <line num="46" count="92" type="stmt"/>
        <line num="56" count="94" type="stmt"/>
        <line num="69" count="977" type="stmt"/>
        <line num="75" count="900" type="stmt"/>
        <line num="76" count="900" type="stmt"/>
        <line num="83" count="935" type="stmt"/>
        <line num="94" count="127" type="stmt"/>
        <line num="95" count="125" type="cond" truecount="2" falsecount="0"/>
        <line num="96" count="109" type="stmt"/>
        <line num="98" count="125" type="stmt"/>
        <line num="107" count="236" type="stmt"/>
        <line num="108" count="234" type="cond" truecount="2" falsecount="0"/>
        <line num="109" count="121" type="stmt"/>
        <line num="111" count="234" type="stmt"/>
        <line num="132" count="253" type="cond" truecount="2" falsecount="0"/>
        <line num="133" count="2" type="stmt"/>
        <line num="135" count="251" type="cond" truecount="12" falsecount="0"/>
        <line num="137" count="5" type="stmt"/>
        <line num="138" count="5" type="stmt"/>
        <line num="140" count="106" type="stmt"/>
        <line num="141" count="106" type="stmt"/>
        <line num="143" count="7" type="stmt"/>
        <line num="145" count="22" type="stmt"/>
        <line num="147" count="5" type="stmt"/>
        <line num="149" count="12" type="stmt"/>
        <line num="151" count="19" type="stmt"/>
        <line num="153" count="5" type="stmt"/>
        <line num="155" count="3" type="stmt"/>
        <line num="157" count="2" type="stmt"/>
        <line num="159" count="4" type="stmt"/>
        <line num="161" count="61" type="stmt"/>
        <line num="175" count="19" type="stmt"/>
        <line num="176" count="19" type="stmt"/>
        <line num="177" count="19" type="cond" truecount="2" falsecount="0"/>
        <line num="178" count="19" type="stmt"/>
        <line num="179" count="19" type="cond" truecount="2" falsecount="0"/>
        <line num="180" count="19" type="stmt"/>
        <line num="181" count="19" type="stmt"/>
        <line num="201" count="10" type="stmt"/>
        <line num="202" count="10" type="stmt"/>
        <line num="214" count="6" type="stmt"/>
        <line num="215" count="6" type="stmt"/>
        <line num="216" count="62" type="cond" truecount="2" falsecount="0"/>
        <line num="217" count="35" type="stmt"/>
        <line num="220" count="27" type="stmt"/>
        <line num="223" count="6" type="stmt"/>
        <line num="235" count="39" type="cond" truecount="2" falsecount="0"/>
        <line num="236" count="12" type="stmt"/>
        <line num="239" count="39" type="stmt"/>
        <line num="240" count="39" type="cond" truecount="2" falsecount="0"/>
        <line num="241" count="27" type="stmt"/>
        <line num="243" count="39" type="stmt"/>
        <line num="245" count="39" type="cond" truecount="2" falsecount="0"/>
        <line num="246" count="39" type="stmt"/>
        <line num="248" count="39" type="stmt"/>
        <line num="250" count="39" type="stmt"/>
        <line num="268" count="2" type="stmt"/>
        <line num="270" count="2" type="stmt"/>
        <line num="271" count="6" type="stmt"/>
        <line num="274" count="2" type="stmt"/>
        <line num="284" count="5" type="stmt"/>
        <line num="285" count="5" type="cond" truecount="4" falsecount="0"/>
        <line num="286" count="5" type="stmt"/>
        <line num="287" count="5" type="cond" truecount="2" falsecount="0"/>
        <line num="288" count="3" type="stmt"/>
        <line num="290" count="5" type="cond" truecount="2" falsecount="0"/>
        <line num="291" count="1" type="stmt"/>
        <line num="294" count="5" type="stmt"/>
        <line num="311" count="3" type="stmt"/>
        <line num="312" count="3" type="stmt"/>
        <line num="313" count="3" type="stmt"/>
        <line num="314" count="3" type="stmt"/>
        <line num="315" count="3" type="stmt"/>
        <line num="316" count="3" type="stmt"/>
        <line num="334" count="4" type="stmt"/>
        <line num="335" count="4" type="stmt"/>
        <line num="336" count="4" type="cond" truecount="2" falsecount="0"/>
        <line num="337" count="4" type="stmt"/>
        <line num="338" count="4" type="cond" truecount="2" falsecount="0"/>
        <line num="339" count="4" type="stmt"/>
        <line num="340" count="4" type="cond" truecount="2" falsecount="0"/>
        <line num="341" count="4" type="stmt"/>
        <line num="343" count="4" type="stmt"/>
        <line num="345" count="4" type="stmt"/>
        <line num="366" count="3" type="cond" truecount="2" falsecount="0"/>
        <line num="367" count="2" type="stmt"/>
        <line num="369" count="1" type="stmt"/>
        <line num="379" count="2" type="stmt"/>
        <line num="381" count="2" type="stmt"/>
        <line num="382" count="2" type="stmt"/>
        <line num="383" count="2" type="stmt"/>
        <line num="384" count="2" type="stmt"/>
        <line num="385" count="2" type="stmt"/>
        <line num="386" count="2" type="stmt"/>
        <line num="405" count="7" type="stmt"/>
        <line num="406" count="7" type="stmt"/>
        <line num="407" count="7" type="stmt"/>
        <line num="408" count="7" type="stmt"/>
        <line num="409" count="7" type="stmt"/>
        <line num="410" count="7" type="stmt"/>
        <line num="411" count="7" type="cond" truecount="4" falsecount="0"/>
        <line num="412" count="1" type="stmt"/>
        <line num="413" count="1" type="stmt"/>
        <line num="415" count="7" type="stmt"/>
        <line num="435" count="67" type="stmt"/>
        <line num="436" count="67" type="stmt"/>
        <line num="438" count="64" type="stmt"/>
        <line num="439" count="64" type="stmt"/>
        <line num="441" count="13" type="stmt"/>
        <line num="453" count="2" type="stmt"/>
        <line num="454" count="2" type="stmt"/>
        <line num="455" count="2" type="stmt"/>
        <line num="472" count="5" type="stmt"/>
        <line num="473" count="5" type="stmt"/>
        <line num="474" count="5" type="stmt"/>
        <line num="475" count="5" type="stmt"/>
        <line num="492" count="7" type="stmt"/>
        <line num="494" count="7" type="stmt"/>
        <line num="495" count="9" type="stmt"/>
        <line num="499" count="7" type="stmt"/>
        <line num="509" count="9" type="stmt"/>
        <line num="510" count="9" type="cond" truecount="4" falsecount="0"/>
        <line num="512" count="9" type="stmt"/>
        <line num="516" count="9" type="stmt"/>
        <line num="531" count="7" type="stmt"/>
        <line num="532" count="7" type="stmt"/>
        <line num="542" count="61" type="stmt"/>
        <line num="544" count="61" type="cond" truecount="2" falsecount="0"/>
        <line num="546" count="61" type="stmt"/>
        <line num="548" count="61" type="stmt"/>
        <line num="563" count="61" type="stmt"/>
        <line num="564" count="59" type="stmt"/>
        <line num="566" count="59" type="stmt"/>
        <line num="577" count="89" type="stmt"/>
        <line num="588" count="122" type="stmt"/>
        <line num="589" count="122" type="cond" truecount="2" falsecount="0"/>
        <line num="590" count="106" type="stmt"/>
        <line num="593" count="16" type="stmt"/>
        <line num="600" count="14" type="stmt"/>
        <line num="604" count="14" type="stmt"/>
        <line num="615" count="122" type="stmt"/>
        <line num="616" count="122" type="cond" truecount="2" falsecount="0"/>
        <line num="617" count="1" type="stmt"/>
        <line num="618" count="1" type="stmt"/>
        <line num="619" count="1" type="stmt"/>
        <line num="627" count="122" type="stmt"/>
        <line num="638" count="123" type="stmt"/>
        <line num="639" count="123" type="cond" truecount="2" falsecount="0"/>
        <line num="640" count="2" type="stmt"/>
        <line num="641" count="2" type="stmt"/>
        <line num="642" count="2" type="stmt"/>
        <line num="650" count="123" type="stmt"/>
        <line num="661" count="125" type="stmt"/>
        <line num="663" count="125" type="cond" truecount="2" falsecount="0"/>
        <line num="664" count="12" type="stmt"/>
        <line num="665" count="12" type="stmt"/>
        <line num="666" count="12" type="stmt"/>
        <line num="677" count="125" type="stmt"/>
        <line num="688" count="137" type="stmt"/>
        <line num="690" count="137" type="cond" truecount="2" falsecount="0"/>
        <line num="691" count="9" type="stmt"/>
        <line num="692" count="9" type="stmt"/>
        <line num="693" count="9" type="stmt"/>
        <line num="704" count="137" type="stmt"/>
        <line num="716" count="146" type="stmt"/>
        <line num="717" count="146" type="cond" truecount="2" falsecount="0"/>
        <line num="718" count="5" type="stmt"/>
        <line num="719" count="5" type="stmt"/>
        <line num="720" count="5" type="stmt"/>
        <line num="731" count="146" type="stmt"/>
        <line num="743" count="151" type="stmt"/>
        <line num="744" count="151" type="cond" truecount="2" falsecount="0"/>
        <line num="745" count="3" type="stmt"/>
        <line num="746" count="3" type="stmt"/>
        <line num="747" count="3" type="stmt"/>
        <line num="758" count="151" type="stmt"/>
        <line num="770" count="158" type="cond" truecount="2" falsecount="0"/>
        <line num="772" count="2" type="stmt"/>
        <line num="773" count="2" type="stmt"/>
        <line num="775" count="2" type="stmt"/>
        <line num="776" count="2" type="stmt"/>
        <line num="779" count="158" type="cond" truecount="2" falsecount="0"/>
        <line num="780" count="4" type="stmt"/>
        <line num="781" count="4" type="stmt"/>
        <line num="792" count="154" type="stmt"/>
        <line num="805" count="154" type="cond" truecount="2" falsecount="0"/>
        <line num="806" count="2" type="stmt"/>
        <line num="808" count="152" type="stmt"/>
        <line num="810" count="152" type="cond" truecount="2" falsecount="0"/>
        <line num="811" count="4" type="stmt"/>
        <line num="813" count="148" type="stmt"/>
        <line num="826" count="7" type="stmt"/>
        <line num="827" count="7" type="stmt"/>
        <line num="833" count="7" type="cond" truecount="2" falsecount="0"/>
        <line num="834" count="1" type="stmt"/>
        <line num="836" count="7" type="stmt"/>
        <line num="847" count="9" type="stmt"/>
        <line num="848" count="9" type="cond" truecount="2" falsecount="0"/>
        <line num="849" count="9" type="stmt"/>
        <line num="851" count="9" type="stmt"/>
        <line num="868" count="5" type="stmt"/>
        <line num="869" count="5" type="stmt"/>
        <line num="870" count="12" type="stmt"/>
        <line num="872" count="5" type="stmt"/>
        <line num="882" count="12" type="stmt"/>
        <line num="883" count="12" type="cond" truecount="1" falsecount="1"/>
        <line num="884" count="12" type="stmt"/>
        <line num="886" count="12" type="stmt"/>
        <line num="901" count="154" type="stmt"/>
        <line num="902" count="154" type="cond" truecount="2" falsecount="0"/>
        <line num="903" count="7" type="cond" truecount="2" falsecount="0"/>
        <line num="904" count="3" type="stmt"/>
        <line num="905" count="3" type="stmt"/>
        <line num="906" count="3" type="stmt"/>
        <line num="918" count="7" type="cond" truecount="2" falsecount="0"/>
        <line num="919" count="4" type="stmt"/>
        <line num="920" count="4" type="stmt"/>
        <line num="921" count="4" type="stmt"/>
        <line num="922" count="4" type="stmt"/>
        <line num="935" count="154" type="stmt"/>
        <line num="944" count="151" type="stmt"/>
        <line num="945" count="151" type="stmt"/>
        <line num="961" count="16" type="cond" truecount="2" falsecount="0"/>
        <line num="962" count="8" type="stmt"/>
        <line num="964" count="8" type="stmt"/>
        <line num="983" count="167" type="cond" truecount="2" falsecount="0"/>
        <line num="984" count="90" type="stmt"/>
        <line num="986" count="77" type="cond" truecount="5" falsecount="1"/>
        <line num="988" count="7" type="stmt"/>
        <line num="990" count="1" type="stmt"/>
        <line num="992" count="65" type="stmt"/>
        <line num="994" count="2" type="stmt"/>
        <line num="996" count="2" type="stmt"/>
        <line num="998" count="0" type="stmt"/>
        <line num="1009" count="2" type="stmt"/>
        <line num="1010" count="2" type="stmt"/>
        <line num="1011" count="2" type="stmt"/>
        <line num="1012" count="2" type="stmt"/>
        <line num="1030" count="2" type="stmt"/>
        <line num="1031" count="2" type="stmt"/>
        <line num="1043" count="2" type="stmt"/>
        <line num="1044" count="2" type="stmt"/>
        <line num="1057" count="1" type="stmt"/>
        <line num="1058" count="1" type="stmt"/>
        <line num="1059" count="1" type="stmt"/>
        <line num="1061" count="1" type="stmt"/>
        <line num="1078" count="90" type="cond" truecount="5" falsecount="0"/>
        <line num="1080" count="70" type="stmt"/>
        <line num="1082" count="8" type="stmt"/>
        <line num="1084" count="6" type="stmt"/>
        <line num="1086" count="4" type="stmt"/>
        <line num="1088" count="2" type="stmt"/>
        <line num="1107" count="7" type="stmt"/>
        <line num="1108" count="7" type="stmt"/>
        <line num="1109" count="7" type="cond" truecount="2" falsecount="0"/>
        <line num="1110" count="2" type="stmt"/>
        <line num="1111" count="2" type="stmt"/>
        <line num="1117" count="5" type="stmt"/>
        <line num="1118" count="13" type="stmt"/>
        <line num="1120" count="5" type="stmt"/>
        <line num="1121" count="5" type="stmt"/>
        <line num="1136" count="10" type="stmt"/>
        <line num="1137" count="10" type="stmt"/>
        <line num="1151" count="2" type="stmt"/>
        <line num="1152" count="2" type="stmt"/>
        <line num="1165" count="70" type="stmt"/>
        <line num="1166" count="70" type="stmt"/>
        <line num="1176" count="8" type="stmt"/>
        <line num="1177" count="8" type="stmt"/>
      </file>
      <file name="parser-error.js" path="/home/alivesurfin/uni2/code_quality/development/code/parsing/parser/parser-error.js">
        <metrics statements="2" coveredstatements="2" conditionals="0" coveredconditionals="0" methods="1" coveredmethods="1"/>
        <line num="16" count="80" type="stmt"/>
        <line num="17" count="80" type="stmt"/>
      </file>
      <file name="parser-helper.js" path="/home/alivesurfin/uni2/code_quality/development/code/parsing/parser/parser-helper.js">
        <metrics statements="9" coveredstatements="9" conditionals="16" coveredconditionals="16" methods="5" coveredmethods="5"/>
        <line num="16" count="167" type="cond" truecount="6" falsecount="0"/>
        <line num="31" count="16" type="cond" truecount="4" falsecount="0"/>
        <line num="32" count="14" type="stmt"/>
        <line num="34" count="2" type="stmt"/>
        <line num="43" count="122" type="cond" truecount="2" falsecount="0"/>
        <line num="52" count="10" type="cond" truecount="2" falsecount="0"/>
        <line num="54" count="6" type="stmt"/>
        <line num="56" count="4" type="stmt"/>
        <line num="72" count="14" type="cond" truecount="2" falsecount="0"/>
      </file>
    </package>
    <package name="parser.ASTNode">
      <metrics statements="1" coveredstatements="1" conditionals="1" coveredconditionals="0" methods="1" coveredmethods="1"/>
      <file name="ASTNode.js" path="/home/alivesurfin/uni2/code_quality/development/code/parsing/parser/ASTNode/ASTNode.js">
        <metrics statements="1" coveredstatements="1" conditionals="1" coveredconditionals="0" methods="1" coveredmethods="1"/>
        <line num="3" count="78" type="stmt"/>
      </file>
    </package>
    <package name="tokenizer">
      <metrics statements="49" coveredstatements="49" conditionals="20" coveredconditionals="20" methods="9" coveredmethods="8"/>
      <file name="TOKEN_CONST_TYPES.js" path="/home/alivesurfin/uni2/code_quality/development/code/parsing/tokenizer/TOKEN_CONST_TYPES.js">
        <metrics statements="1" coveredstatements="1" conditionals="0" coveredconditionals="0" methods="0" coveredmethods="0"/>
        <line num="10" count="26" type="stmt"/>
      </file>
      <file name="Tokenizer.js" path="/home/alivesurfin/uni2/code_quality/development/code/parsing/tokenizer/Tokenizer.js">
        <metrics statements="47" coveredstatements="47" conditionals="20" coveredconditionals="20" methods="9" coveredmethods="8"/>
        <line num="41" count="95" type="stmt"/>
        <line num="42" count="95" type="stmt"/>
        <line num="43" count="95" type="stmt"/>
        <line num="44" count="95" type="stmt"/>
        <line num="45" count="95" type="stmt"/>
        <line num="62" count="3236" type="stmt"/>
        <line num="75" count="2122" type="stmt"/>
        <line num="86" count="17560" type="stmt"/>
        <line num="87" count="17560" type="cond" truecount="2" falsecount="0"/>
        <line num="88" count="15544" type="stmt"/>
        <line num="90" count="2016" type="stmt"/>
        <line num="91" count="2016" type="stmt"/>
        <line num="99" count="2016" type="stmt"/>
        <line num="100" count="2016" type="stmt"/>
        <line num="108" count="12" type="stmt"/>
        <line num="109" count="12" type="stmt"/>
        <line num="110" count="216" type="cond" truecount="2" falsecount="0"/>
        <line num="111" count="3" type="stmt"/>
        <line num="112" count="3" type="stmt"/>
        <line num="114" count="213" type="stmt"/>
        <line num="127" count="2122" type="cond" truecount="2" falsecount="0"/>
        <line num="128" count="105" type="stmt"/>
        <line num="130" count="2017" type="stmt"/>
        <line num="131" count="2017" type="stmt"/>
        <line num="133" count="2017" type="stmt"/>
        <line num="135" count="17560" type="stmt"/>
        <line num="138" count="17560" type="cond" truecount="2" falsecount="0"/>
        <line num="139" count="15544" type="stmt"/>
        <line num="142" count="2016" type="cond" truecount="2" falsecount="0"/>
        <line num="143" count="144" type="stmt"/>
        <line num="144" count="144" type="stmt"/>
        <line num="147" count="2016" type="cond" truecount="2" falsecount="0"/>
        <line num="148" count="1085" type="cond" truecount="2" falsecount="0"/>
        <line num="149" count="1" type="stmt"/>
        <line num="151" count="1085" type="stmt"/>
        <line num="153" count="931" type="cond" truecount="2" falsecount="0"/>
        <line num="154" count="3" type="stmt"/>
        <line num="159" count="3" type="stmt"/>
        <line num="161" count="928" type="cond" truecount="2" falsecount="0"/>
        <line num="162" count="4" type="stmt"/>
        <line num="163" count="4" type="stmt"/>
        <line num="168" count="4" type="stmt"/>
        <line num="170" count="924" type="cond" truecount="2" falsecount="0"/>
        <line num="171" count="8" type="stmt"/>
        <line num="172" count="8" type="stmt"/>
        <line num="174" count="924" type="stmt"/>
        <line num="181" count="1" type="stmt"/>
      </file>
      <file name="tokenHierarchy.js" path="/home/alivesurfin/uni2/code_quality/development/code/parsing/tokenizer/tokenHierarchy.js">
        <metrics statements="1" coveredstatements="1" conditionals="0" coveredconditionals="0" methods="0" coveredmethods="0"/>
        <line num="12" count="26" type="stmt"/>
      </file>
    </package>
  </project>
</coverage>
