{"/home/alivesurfin/uni2/code_quality/development/code/parsing/evaluate/evaluate.js": {"path":"/home/alivesurfin/uni2/code_quality/development/code/parsing/evaluate/evaluate.js","statementMap":{"0":{"start":{"line":15,"column":19},"end":{"line":15,"column":31}},"1":{"start":{"line":17,"column":14},"end":{"line":17,"column":18}},"2":{"start":{"line":18,"column":16},"end":{"line":18,"column":20}},"3":{"start":{"line":19,"column":4},"end":{"line":23,"column":5}},"4":{"start":{"line":20,"column":8},"end":{"line":20,"column":34}},"5":{"start":{"line":22,"column":8},"end":{"line":22,"column":54}},"6":{"start":{"line":24,"column":4},"end":{"line":26,"column":5}},"7":{"start":{"line":25,"column":8},"end":{"line":25,"column":32}},"8":{"start":{"line":27,"column":20},"end":{"line":27,"column":40}},"9":{"start":{"line":28,"column":4},"end":{"line":28,"column":45}},"10":{"start":{"line":40,"column":8},"end":{"line":40,"column":23}},"11":{"start":{"line":41,"column":8},"end":{"line":41,"column":27}},"12":{"start":{"line":42,"column":8},"end":{"line":42,"column":25}},"13":{"start":{"line":43,"column":8},"end":{"line":43,"column":28}},"14":{"start":{"line":44,"column":8},"end":{"line":44,"column":27}},"15":{"start":{"line":45,"column":23},"end":{"line":45,"column":67}},"16":{"start":{"line":46,"column":8},"end":{"line":52,"column":9}},"17":{"start":{"line":59,"column":8},"end":{"line":84,"column":10}},"18":{"start":{"line":60,"column":30},"end":{"line":60,"column":77}},"19":{"start":{"line":61,"column":27},"end":{"line":61,"column":29}},"20":{"start":{"line":62,"column":12},"end":{"line":64,"column":13}},"21":{"start":{"line":63,"column":16},"end":{"line":63,"column":161}},"22":{"start":{"line":65,"column":22},"end":{"line":65,"column":23}},"23":{"start":{"line":66,"column":29},"end":{"line":66,"column":57}},"24":{"start":{"line":67,"column":12},"end":{"line":79,"column":13}},"25":{"start":{"line":68,"column":16},"end":{"line":76,"column":17}},"26":{"start":{"line":69,"column":20},"end":{"line":73,"column":22}},"27":{"start":{"line":74,"column":20},"end":{"line":74,"column":28}},"28":{"start":{"line":75,"column":20},"end":{"line":75,"column":26}},"29":{"start":{"line":77,"column":16},"end":{"line":77,"column":22}},"30":{"start":{"line":78,"column":16},"end":{"line":78,"column":64}},"31":{"start":{"line":80,"column":12},"end":{"line":82,"column":13}},"32":{"start":{"line":81,"column":16},"end":{"line":81,"column":159}},"33":{"start":{"line":83,"column":12},"end":{"line":83,"column":56}},"34":{"start":{"line":92,"column":8},"end":{"line":107,"column":9}},"35":{"start":{"line":94,"column":16},"end":{"line":94,"column":62}},"36":{"start":{"line":94,"column":46},"end":{"line":94,"column":59}},"37":{"start":{"line":96,"column":16},"end":{"line":96,"column":62}},"38":{"start":{"line":96,"column":46},"end":{"line":96,"column":59}},"39":{"start":{"line":97,"column":16},"end":{"line":97,"column":22}},"40":{"start":{"line":99,"column":16},"end":{"line":99,"column":42}},"41":{"start":{"line":100,"column":16},"end":{"line":100,"column":79}},"42":{"start":{"line":100,"column":46},"end":{"line":100,"column":76}},"43":{"start":{"line":101,"column":16},"end":{"line":101,"column":22}},"44":{"start":{"line":103,"column":16},"end":{"line":103,"column":35}},"45":{"start":{"line":104,"column":16},"end":{"line":104,"column":40}},"46":{"start":{"line":105,"column":16},"end":{"line":105,"column":22}},"47":{"start":{"line":115,"column":19},"end":{"line":115,"column":31}},"48":{"start":{"line":116,"column":8},"end":{"line":119,"column":9}},"49":{"start":{"line":117,"column":12},"end":{"line":117,"column":119}},"50":{"start":{"line":118,"column":12},"end":{"line":118,"column":18}},"51":{"start":{"line":121,"column":8},"end":{"line":121,"column":169}},"52":{"start":{"line":131,"column":19},"end":{"line":131,"column":33}},"53":{"start":{"line":132,"column":23},"end":{"line":132,"column":25}},"54":{"start":{"line":133,"column":8},"end":{"line":135,"column":9}},"55":{"start":{"line":134,"column":12},"end":{"line":134,"column":129}},"56":{"start":{"line":136,"column":25},"end":{"line":136,"column":55}},"57":{"start":{"line":137,"column":23},"end":{"line":137,"column":63}},"58":{"start":{"line":138,"column":20},"end":{"line":138,"column":59}},"59":{"start":{"line":139,"column":8},"end":{"line":141,"column":9}},"60":{"start":{"line":140,"column":12},"end":{"line":140,"column":133}},"61":{"start":{"line":143,"column":8},"end":{"line":155,"column":9}},"62":{"start":{"line":144,"column":12},"end":{"line":148,"column":13}},"63":{"start":{"line":145,"column":16},"end":{"line":145,"column":154}},"64":{"start":{"line":147,"column":16},"end":{"line":147,"column":142}},"65":{"start":{"line":150,"column":12},"end":{"line":154,"column":13}},"66":{"start":{"line":151,"column":16},"end":{"line":151,"column":128}},"67":{"start":{"line":153,"column":16},"end":{"line":153,"column":116}}},"fnMap":{"0":{"name":"Evaluate","decl":{"start":{"line":14,"column":9},"end":{"line":14,"column":17}},"loc":{"start":{"line":14,"column":26},"end":{"line":29,"column":1}},"line":14},"1":{"name":"(anonymous_1)","decl":{"start":{"line":39,"column":4},"end":{"line":39,"column":5}},"loc":{"start":{"line":39,"column":21},"end":{"line":53,"column":5}},"line":39},"2":{"name":"(anonymous_2)","decl":{"start":{"line":58,"column":4},"end":{"line":58,"column":5}},"loc":{"start":{"line":58,"column":19},"end":{"line":85,"column":5}},"line":58},"3":{"name":"(anonymous_3)","decl":{"start":{"line":59,"column":42},"end":{"line":59,"column":43}},"loc":{"start":{"line":59,"column":51},"end":{"line":84,"column":9}},"line":59},"4":{"name":"(anonymous_4)","decl":{"start":{"line":91,"column":4},"end":{"line":91,"column":5}},"loc":{"start":{"line":91,"column":19},"end":{"line":108,"column":5}},"line":91},"5":{"name":"(anonymous_5)","decl":{"start":{"line":94,"column":37},"end":{"line":94,"column":38}},"loc":{"start":{"line":94,"column":44},"end":{"line":94,"column":61}},"line":94},"6":{"name":"(anonymous_6)","decl":{"start":{"line":96,"column":37},"end":{"line":96,"column":38}},"loc":{"start":{"line":96,"column":44},"end":{"line":96,"column":61}},"line":96},"7":{"name":"(anonymous_7)","decl":{"start":{"line":100,"column":37},"end":{"line":100,"column":38}},"loc":{"start":{"line":100,"column":44},"end":{"line":100,"column":78}},"line":100},"8":{"name":"(anonymous_8)","decl":{"start":{"line":114,"column":4},"end":{"line":114,"column":5}},"loc":{"start":{"line":114,"column":23},"end":{"line":122,"column":5}},"line":114},"9":{"name":"(anonymous_9)","decl":{"start":{"line":129,"column":4},"end":{"line":129,"column":5}},"loc":{"start":{"line":129,"column":35},"end":{"line":157,"column":5}},"line":129}},"branchMap":{"0":{"loc":{"start":{"line":24,"column":4},"end":{"line":26,"column":5}},"type":"if","locations":[{"start":{"line":24,"column":4},"end":{"line":26,"column":5}},{"start":{},"end":{}}],"line":24},"1":{"loc":{"start":{"line":62,"column":12},"end":{"line":64,"column":13}},"type":"if","locations":[{"start":{"line":62,"column":12},"end":{"line":64,"column":13}},{"start":{},"end":{}}],"line":62},"2":{"loc":{"start":{"line":68,"column":16},"end":{"line":76,"column":17}},"type":"if","locations":[{"start":{"line":68,"column":16},"end":{"line":76,"column":17}},{"start":{},"end":{}}],"line":68},"3":{"loc":{"start":{"line":80,"column":12},"end":{"line":82,"column":13}},"type":"if","locations":[{"start":{"line":80,"column":12},"end":{"line":82,"column":13}},{"start":{},"end":{}}],"line":80},"4":{"loc":{"start":{"line":92,"column":8},"end":{"line":107,"column":9}},"type":"switch","locations":[{"start":{"line":93,"column":12},"end":{"line":94,"column":62}},{"start":{"line":95,"column":12},"end":{"line":97,"column":22}},{"start":{"line":98,"column":12},"end":{"line":101,"column":22}},{"start":{"line":102,"column":12},"end":{"line":105,"column":22}},{"start":{"line":106,"column":12},"end":{"line":106,"column":20}}],"line":92},"5":{"loc":{"start":{"line":116,"column":8},"end":{"line":119,"column":9}},"type":"if","locations":[{"start":{"line":116,"column":8},"end":{"line":119,"column":9}},{"start":{},"end":{}}],"line":116},"6":{"loc":{"start":{"line":121,"column":99},"end":{"line":121,"column":150}},"type":"cond-expr","locations":[{"start":{"line":121,"column":117},"end":{"line":121,"column":143}},{"start":{"line":121,"column":146},"end":{"line":121,"column":150}}],"line":121},"7":{"loc":{"start":{"line":129,"column":16},"end":{"line":129,"column":33}},"type":"default-arg","locations":[{"start":{"line":129,"column":29},"end":{"line":129,"column":33}}],"line":129},"8":{"loc":{"start":{"line":133,"column":8},"end":{"line":135,"column":9}},"type":"if","locations":[{"start":{"line":133,"column":8},"end":{"line":135,"column":9}},{"start":{},"end":{}}],"line":133},"9":{"loc":{"start":{"line":139,"column":8},"end":{"line":141,"column":9}},"type":"if","locations":[{"start":{"line":139,"column":8},"end":{"line":141,"column":9}},{"start":{},"end":{}}],"line":139},"10":{"loc":{"start":{"line":143,"column":8},"end":{"line":155,"column":9}},"type":"if","locations":[{"start":{"line":143,"column":8},"end":{"line":155,"column":9}},{"start":{"line":149,"column":15},"end":{"line":155,"column":9}}],"line":143},"11":{"loc":{"start":{"line":144,"column":12},"end":{"line":148,"column":13}},"type":"if","locations":[{"start":{"line":144,"column":12},"end":{"line":148,"column":13}},{"start":{"line":146,"column":19},"end":{"line":148,"column":13}}],"line":144},"12":{"loc":{"start":{"line":150,"column":12},"end":{"line":154,"column":13}},"type":"if","locations":[{"start":{"line":150,"column":12},"end":{"line":154,"column":13}},{"start":{"line":152,"column":19},"end":{"line":154,"column":13}}],"line":150}},"s":{"0":30,"1":30,"2":30,"3":30,"4":30,"5":1,"6":30,"7":1,"8":29,"9":29,"10":29,"11":29,"12":29,"13":29,"14":29,"15":29,"16":29,"17":29,"18":14,"19":14,"20":14,"21":1,"22":14,"23":14,"24":14,"25":22,"26":1,"27":1,"28":1,"29":21,"30":21,"31":14,"32":1,"33":14,"34":84,"35":9,"36":5,"37":38,"38":41,"39":38,"40":15,"41":15,"42":25,"43":15,"44":9,"45":9,"46":9,"47":15,"48":15,"49":1,"50":1,"51":14,"52":34,"53":34,"54":34,"55":1,"56":34,"57":34,"58":34,"59":34,"60":1,"61":34,"62":25,"63":1,"64":24,"65":9,"66":1,"67":8},"f":{"0":30,"1":29,"2":29,"3":14,"4":84,"5":5,"6":41,"7":25,"8":15,"9":34},"b":{"0":[1,29],"1":[1,13],"2":[1,21],"3":[1,13],"4":[9,38,15,9,22],"5":[1,14],"6":[9,5],"7":[9],"8":[1,33],"9":[1,33],"10":[25,9],"11":[1,24],"12":[1,8]},"_coverageSchema":"1a1c01bbd47fc00a2c39e90264f33305004495a9","hash":"4b1cc0d560bc15a6ac5de7fa7c8b77cbde34a095"}
,"/home/alivesurfin/uni2/code_quality/development/code/parsing/evaluate/complexity/cyclomatic.js": {"path":"/home/alivesurfin/uni2/code_quality/development/code/parsing/evaluate/complexity/cyclomatic.js","statementMap":{"0":{"start":{"line":15,"column":12},"end":{"line":15,"column":28}},"1":{"start":{"line":16,"column":12},"end":{"line":21,"column":13}},"2":{"start":{"line":16,"column":25},"end":{"line":16,"column":26}},"3":{"start":{"line":17,"column":26},"end":{"line":17,"column":43}},"4":{"start":{"line":18,"column":16},"end":{"line":20,"column":17}},"5":{"start":{"line":19,"column":20},"end":{"line":19,"column":26}},"6":{"start":{"line":30,"column":8},"end":{"line":32,"column":9}},"7":{"start":{"line":31,"column":12},"end":{"line":31,"column":18}},"8":{"start":{"line":33,"column":8},"end":{"line":56,"column":9}},"9":{"start":{"line":35,"column":16},"end":{"line":35,"column":30}},"10":{"start":{"line":39,"column":16},"end":{"line":39,"column":30}},"11":{"start":{"line":40,"column":16},"end":{"line":40,"column":44}},"12":{"start":{"line":42,"column":16},"end":{"line":46,"column":17}},"13":{"start":{"line":42,"column":29},"end":{"line":42,"column":30}},"14":{"start":{"line":43,"column":20},"end":{"line":45,"column":21}},"15":{"start":{"line":44,"column":24},"end":{"line":44,"column":30}},"16":{"start":{"line":47,"column":16},"end":{"line":47,"column":22}},"17":{"start":{"line":49,"column":16},"end":{"line":49,"column":30}},"18":{"start":{"line":50,"column":16},"end":{"line":50,"column":43}},"19":{"start":{"line":51,"column":16},"end":{"line":51,"column":42}},"20":{"start":{"line":52,"column":16},"end":{"line":52,"column":22}},"21":{"start":{"line":54,"column":16},"end":{"line":54,"column":22}}},"fnMap":{"0":{"name":"(anonymous_0)","decl":{"start":{"line":14,"column":4},"end":{"line":14,"column":5}},"loc":{"start":{"line":14,"column":22},"end":{"line":23,"column":9}},"line":14},"1":{"name":"(anonymous_1)","decl":{"start":{"line":29,"column":4},"end":{"line":29,"column":5}},"loc":{"start":{"line":29,"column":16},"end":{"line":57,"column":5}},"line":29}},"branchMap":{"0":{"loc":{"start":{"line":18,"column":16},"end":{"line":20,"column":17}},"type":"if","locations":[{"start":{"line":18,"column":16},"end":{"line":20,"column":17}},{"start":{},"end":{}}],"line":18},"1":{"loc":{"start":{"line":30,"column":8},"end":{"line":32,"column":9}},"type":"if","locations":[{"start":{"line":30,"column":8},"end":{"line":32,"column":9}},{"start":{},"end":{}}],"line":30},"2":{"loc":{"start":{"line":33,"column":8},"end":{"line":56,"column":9}},"type":"switch","locations":[{"start":{"line":34,"column":12},"end":{"line":35,"column":30}},{"start":{"line":36,"column":12},"end":{"line":36,"column":42}},{"start":{"line":37,"column":12},"end":{"line":37,"column":40}},{"start":{"line":38,"column":12},"end":{"line":40,"column":44}},{"start":{"line":41,"column":12},"end":{"line":47,"column":22}},{"start":{"line":48,"column":12},"end":{"line":52,"column":22}},{"start":{"line":53,"column":12},"end":{"line":54,"column":22}}],"line":33},"3":{"loc":{"start":{"line":43,"column":20},"end":{"line":45,"column":21}},"type":"if","locations":[{"start":{"line":43,"column":20},"end":{"line":45,"column":21}},{"start":{},"end":{}}],"line":43}},"s":{"0":34,"1":34,"2":34,"3":4,"4":4,"5":1,"6":14,"7":3,"8":11,"9":2,"10":1,"11":1,"12":4,"13":4,"14":3,"15":1,"16":3,"17":3,"18":3,"19":3,"20":3,"21":1},"f":{"0":34,"1":14},"b":{"0":[1,3],"1":[3,11],"2":[2,1,1,1,4,3,1],"3":[1,2]},"_coverageSchema":"1a1c01bbd47fc00a2c39e90264f33305004495a9","hash":"0d18025c2e8a10a87c84173d2756ecf9b64cebbe"}
,"/home/alivesurfin/uni2/code_quality/development/code/parsing/evaluate/complexity/halstead.js": {"path":"/home/alivesurfin/uni2/code_quality/development/code/parsing/evaluate/complexity/halstead.js","statementMap":{"0":{"start":{"line":7,"column":8},"end":{"line":7,"column":27}},"1":{"start":{"line":8,"column":8},"end":{"line":8,"column":26}},"2":{"start":{"line":9,"column":8},"end":{"line":9,"column":35}},"3":{"start":{"line":10,"column":8},"end":{"line":10,"column":34}},"4":{"start":{"line":11,"column":8},"end":{"line":11,"column":32}},"5":{"start":{"line":12,"column":8},"end":{"line":12,"column":31}},"6":{"start":{"line":13,"column":8},"end":{"line":13,"column":24}},"7":{"start":{"line":14,"column":8},"end":{"line":14,"column":123}},"8":{"start":{"line":17,"column":8},"end":{"line":17,"column":65}},"9":{"start":{"line":18,"column":8},"end":{"line":18,"column":60}},"10":{"start":{"line":19,"column":8},"end":{"line":19,"column":140}},"11":{"start":{"line":20,"column":8},"end":{"line":20,"column":71}},"12":{"start":{"line":21,"column":8},"end":{"line":21,"column":86}},"13":{"start":{"line":22,"column":8},"end":{"line":22,"column":52}},"14":{"start":{"line":23,"column":8},"end":{"line":23,"column":52}},"15":{"start":{"line":24,"column":8},"end":{"line":24,"column":54}},"16":{"start":{"line":25,"column":8},"end":{"line":40,"column":9}},"17":{"start":{"line":43,"column":8},"end":{"line":46,"column":9}},"18":{"start":{"line":44,"column":12},"end":{"line":44,"column":36}},"19":{"start":{"line":45,"column":12},"end":{"line":45,"column":46}},"20":{"start":{"line":47,"column":8},"end":{"line":47,"column":29}},"21":{"start":{"line":50,"column":8},"end":{"line":53,"column":9}},"22":{"start":{"line":51,"column":12},"end":{"line":51,"column":37}},"23":{"start":{"line":52,"column":12},"end":{"line":52,"column":47}},"24":{"start":{"line":54,"column":8},"end":{"line":54,"column":30}},"25":{"start":{"line":57,"column":8},"end":{"line":59,"column":9}},"26":{"start":{"line":58,"column":12},"end":{"line":58,"column":18}},"27":{"start":{"line":61,"column":8},"end":{"line":217,"column":9}},"28":{"start":{"line":63,"column":16},"end":{"line":65,"column":18}},"29":{"start":{"line":64,"column":20},"end":{"line":64,"column":33}},"30":{"start":{"line":66,"column":16},"end":{"line":66,"column":22}},"31":{"start":{"line":68,"column":16},"end":{"line":68,"column":40}},"32":{"start":{"line":69,"column":16},"end":{"line":69,"column":40}},"33":{"start":{"line":70,"column":16},"end":{"line":72,"column":18}},"34":{"start":{"line":71,"column":20},"end":{"line":71,"column":33}},"35":{"start":{"line":73,"column":16},"end":{"line":73,"column":22}},"36":{"start":{"line":75,"column":16},"end":{"line":75,"column":50}},"37":{"start":{"line":76,"column":16},"end":{"line":76,"column":22}},"38":{"start":{"line":78,"column":16},"end":{"line":78,"column":41}},"39":{"start":{"line":79,"column":16},"end":{"line":79,"column":22}},"40":{"start":{"line":81,"column":16},"end":{"line":81,"column":44}},"41":{"start":{"line":82,"column":16},"end":{"line":82,"column":40}},"42":{"start":{"line":83,"column":16},"end":{"line":83,"column":40}},"43":{"start":{"line":84,"column":16},"end":{"line":84,"column":37}},"44":{"start":{"line":85,"column":16},"end":{"line":85,"column":37}},"45":{"start":{"line":86,"column":16},"end":{"line":86,"column":22}},"46":{"start":{"line":88,"column":16},"end":{"line":88,"column":44}},"47":{"start":{"line":89,"column":16},"end":{"line":89,"column":41}},"48":{"start":{"line":90,"column":16},"end":{"line":90,"column":40}},"49":{"start":{"line":91,"column":16},"end":{"line":91,"column":40}},"50":{"start":{"line":92,"column":16},"end":{"line":92,"column":37}},"51":{"start":{"line":93,"column":16},"end":{"line":93,"column":37}},"52":{"start":{"line":94,"column":16},"end":{"line":94,"column":22}},"53":{"start":{"line":96,"column":16},"end":{"line":96,"column":37}},"54":{"start":{"line":97,"column":16},"end":{"line":97,"column":43}},"55":{"start":{"line":98,"column":16},"end":{"line":98,"column":42}},"56":{"start":{"line":99,"column":16},"end":{"line":99,"column":22}},"57":{"start":{"line":101,"column":16},"end":{"line":101,"column":43}},"58":{"start":{"line":102,"column":16},"end":{"line":102,"column":22}},"59":{"start":{"line":104,"column":16},"end":{"line":104,"column":42}},"60":{"start":{"line":105,"column":16},"end":{"line":105,"column":40}},"61":{"start":{"line":106,"column":16},"end":{"line":106,"column":40}},"62":{"start":{"line":107,"column":16},"end":{"line":107,"column":40}},"63":{"start":{"line":108,"column":16},"end":{"line":108,"column":40}},"64":{"start":{"line":109,"column":16},"end":{"line":109,"column":37}},"65":{"start":{"line":110,"column":16},"end":{"line":110,"column":37}},"66":{"start":{"line":111,"column":16},"end":{"line":111,"column":39}},"67":{"start":{"line":112,"column":16},"end":{"line":112,"column":37}},"68":{"start":{"line":113,"column":16},"end":{"line":113,"column":22}},"69":{"start":{"line":115,"column":16},"end":{"line":120,"column":18}},"70":{"start":{"line":116,"column":20},"end":{"line":116,"column":33}},"71":{"start":{"line":117,"column":20},"end":{"line":119,"column":21}},"72":{"start":{"line":118,"column":24},"end":{"line":118,"column":52}},"73":{"start":{"line":121,"column":16},"end":{"line":121,"column":22}},"74":{"start":{"line":127,"column":16},"end":{"line":127,"column":37}},"75":{"start":{"line":128,"column":16},"end":{"line":128,"column":56}},"76":{"start":{"line":129,"column":16},"end":{"line":129,"column":38}},"77":{"start":{"line":130,"column":16},"end":{"line":130,"column":22}},"78":{"start":{"line":132,"column":16},"end":{"line":132,"column":56}},"79":{"start":{"line":133,"column":16},"end":{"line":133,"column":41}},"80":{"start":{"line":134,"column":16},"end":{"line":134,"column":22}},"81":{"start":{"line":136,"column":16},"end":{"line":136,"column":39}},"82":{"start":{"line":137,"column":16},"end":{"line":137,"column":40}},"83":{"start":{"line":138,"column":16},"end":{"line":138,"column":40}},"84":{"start":{"line":139,"column":16},"end":{"line":144,"column":18}},"85":{"start":{"line":140,"column":20},"end":{"line":140,"column":33}},"86":{"start":{"line":141,"column":20},"end":{"line":143,"column":21}},"87":{"start":{"line":142,"column":24},"end":{"line":142,"column":48}},"88":{"start":{"line":145,"column":16},"end":{"line":145,"column":22}},"89":{"start":{"line":147,"column":16},"end":{"line":147,"column":39}},"90":{"start":{"line":148,"column":16},"end":{"line":148,"column":41}},"91":{"start":{"line":149,"column":16},"end":{"line":154,"column":17}},"92":{"start":{"line":150,"column":20},"end":{"line":150,"column":44}},"93":{"start":{"line":151,"column":20},"end":{"line":151,"column":44}},"94":{"start":{"line":153,"column":20},"end":{"line":153,"column":44}},"95":{"start":{"line":155,"column":16},"end":{"line":155,"column":22}},"96":{"start":{"line":157,"column":16},"end":{"line":157,"column":42}},"97":{"start":{"line":158,"column":16},"end":{"line":158,"column":39}},"98":{"start":{"line":159,"column":16},"end":{"line":164,"column":18}},"99":{"start":{"line":160,"column":20},"end":{"line":160,"column":33}},"100":{"start":{"line":161,"column":20},"end":{"line":163,"column":21}},"101":{"start":{"line":162,"column":24},"end":{"line":162,"column":48}},"102":{"start":{"line":165,"column":16},"end":{"line":165,"column":22}},"103":{"start":{"line":167,"column":16},"end":{"line":167,"column":40}},"104":{"start":{"line":168,"column":16},"end":{"line":168,"column":40}},"105":{"start":{"line":169,"column":16},"end":{"line":174,"column":18}},"106":{"start":{"line":170,"column":20},"end":{"line":170,"column":33}},"107":{"start":{"line":171,"column":20},"end":{"line":173,"column":21}},"108":{"start":{"line":172,"column":24},"end":{"line":172,"column":48}},"109":{"start":{"line":175,"column":16},"end":{"line":175,"column":22}},"110":{"start":{"line":177,"column":16},"end":{"line":177,"column":44}},"111":{"start":{"line":178,"column":16},"end":{"line":178,"column":22}},"112":{"start":{"line":180,"column":16},"end":{"line":180,"column":58}},"113":{"start":{"line":181,"column":16},"end":{"line":181,"column":22}},"114":{"start":{"line":183,"column":16},"end":{"line":183,"column":43}},"115":{"start":{"line":184,"column":16},"end":{"line":184,"column":22}},"116":{"start":{"line":186,"column":16},"end":{"line":186,"column":62}},"117":{"start":{"line":187,"column":16},"end":{"line":187,"column":22}},"118":{"start":{"line":189,"column":16},"end":{"line":189,"column":58}},"119":{"start":{"line":191,"column":16},"end":{"line":191,"column":35}},"120":{"start":{"line":192,"column":16},"end":{"line":192,"column":37}},"121":{"start":{"line":193,"column":16},"end":{"line":193,"column":22}},"122":{"start":{"line":195,"column":16},"end":{"line":195,"column":55}},"123":{"start":{"line":196,"column":16},"end":{"line":196,"column":40}},"124":{"start":{"line":197,"column":16},"end":{"line":197,"column":40}},"125":{"start":{"line":198,"column":16},"end":{"line":200,"column":18}},"126":{"start":{"line":199,"column":20},"end":{"line":199,"column":33}},"127":{"start":{"line":201,"column":16},"end":{"line":201,"column":37}},"128":{"start":{"line":202,"column":16},"end":{"line":202,"column":22}},"129":{"start":{"line":204,"column":16},"end":{"line":204,"column":53}},"130":{"start":{"line":205,"column":16},"end":{"line":208,"column":17}},"131":{"start":{"line":206,"column":20},"end":{"line":206,"column":50}},"132":{"start":{"line":207,"column":20},"end":{"line":207,"column":65}},"133":{"start":{"line":209,"column":16},"end":{"line":209,"column":40}},"134":{"start":{"line":210,"column":16},"end":{"line":210,"column":40}},"135":{"start":{"line":211,"column":16},"end":{"line":211,"column":59}},"136":{"start":{"line":211,"column":43},"end":{"line":211,"column":56}},"137":{"start":{"line":212,"column":16},"end":{"line":212,"column":22}},"138":{"start":{"line":215,"column":16},"end":{"line":215,"column":22}}},"fnMap":{"0":{"name":"(anonymous_0)","decl":{"start":{"line":4,"column":4},"end":{"line":4,"column":5}},"loc":{"start":{"line":4,"column":18},"end":{"line":4,"column":20}},"line":4},"1":{"name":"(anonymous_1)","decl":{"start":{"line":6,"column":4},"end":{"line":6,"column":5}},"loc":{"start":{"line":6,"column":20},"end":{"line":15,"column":5}},"line":6},"2":{"name":"(anonymous_2)","decl":{"start":{"line":16,"column":4},"end":{"line":16,"column":5}},"loc":{"start":{"line":16,"column":88},"end":{"line":41,"column":5}},"line":16},"3":{"name":"(anonymous_3)","decl":{"start":{"line":42,"column":4},"end":{"line":42,"column":5}},"loc":{"start":{"line":42,"column":30},"end":{"line":48,"column":5}},"line":42},"4":{"name":"(anonymous_4)","decl":{"start":{"line":49,"column":4},"end":{"line":49,"column":5}},"loc":{"start":{"line":49,"column":26},"end":{"line":55,"column":5}},"line":49},"5":{"name":"(anonymous_5)","decl":{"start":{"line":56,"column":4},"end":{"line":56,"column":5}},"loc":{"start":{"line":56,"column":16},"end":{"line":218,"column":5}},"line":56},"6":{"name":"(anonymous_6)","decl":{"start":{"line":63,"column":34},"end":{"line":63,"column":35}},"loc":{"start":{"line":63,"column":41},"end":{"line":65,"column":17}},"line":63},"7":{"name":"(anonymous_7)","decl":{"start":{"line":70,"column":34},"end":{"line":70,"column":35}},"loc":{"start":{"line":70,"column":41},"end":{"line":72,"column":17}},"line":70},"8":{"name":"(anonymous_8)","decl":{"start":{"line":115,"column":42},"end":{"line":115,"column":43}},"loc":{"start":{"line":115,"column":52},"end":{"line":120,"column":17}},"line":115},"9":{"name":"(anonymous_9)","decl":{"start":{"line":139,"column":39},"end":{"line":139,"column":40}},"loc":{"start":{"line":139,"column":49},"end":{"line":144,"column":17}},"line":139},"10":{"name":"(anonymous_10)","decl":{"start":{"line":159,"column":44},"end":{"line":159,"column":45}},"loc":{"start":{"line":159,"column":54},"end":{"line":164,"column":17}},"line":159},"11":{"name":"(anonymous_11)","decl":{"start":{"line":169,"column":38},"end":{"line":169,"column":39}},"loc":{"start":{"line":169,"column":48},"end":{"line":174,"column":17}},"line":169},"12":{"name":"(anonymous_12)","decl":{"start":{"line":198,"column":36},"end":{"line":198,"column":37}},"loc":{"start":{"line":198,"column":43},"end":{"line":200,"column":17}},"line":198},"13":{"name":"(anonymous_13)","decl":{"start":{"line":211,"column":34},"end":{"line":211,"column":35}},"loc":{"start":{"line":211,"column":41},"end":{"line":211,"column":58}},"line":211}},"branchMap":{"0":{"loc":{"start":{"line":32,"column":26},"end":{"line":32,"column":67}},"type":"cond-expr","locations":[{"start":{"line":32,"column":46},"end":{"line":32,"column":63}},{"start":{"line":32,"column":66},"end":{"line":32,"column":67}}],"line":32},"1":{"loc":{"start":{"line":33,"column":27},"end":{"line":33,"column":70}},"type":"cond-expr","locations":[{"start":{"line":33,"column":48},"end":{"line":33,"column":66}},{"start":{"line":33,"column":69},"end":{"line":33,"column":70}}],"line":33},"2":{"loc":{"start":{"line":34,"column":37},"end":{"line":34,"column":100}},"type":"cond-expr","locations":[{"start":{"line":34,"column":68},"end":{"line":34,"column":96}},{"start":{"line":34,"column":99},"end":{"line":34,"column":100}}],"line":34},"3":{"loc":{"start":{"line":35,"column":20},"end":{"line":35,"column":49}},"type":"cond-expr","locations":[{"start":{"line":35,"column":34},"end":{"line":35,"column":45}},{"start":{"line":35,"column":48},"end":{"line":35,"column":49}}],"line":35},"4":{"loc":{"start":{"line":36,"column":24},"end":{"line":36,"column":61}},"type":"cond-expr","locations":[{"start":{"line":36,"column":42},"end":{"line":36,"column":57}},{"start":{"line":36,"column":60},"end":{"line":36,"column":61}}],"line":36},"5":{"loc":{"start":{"line":37,"column":20},"end":{"line":37,"column":49}},"type":"cond-expr","locations":[{"start":{"line":37,"column":34},"end":{"line":37,"column":45}},{"start":{"line":37,"column":48},"end":{"line":37,"column":49}}],"line":37},"6":{"loc":{"start":{"line":38,"column":33},"end":{"line":38,"column":88}},"type":"cond-expr","locations":[{"start":{"line":38,"column":60},"end":{"line":38,"column":84}},{"start":{"line":38,"column":87},"end":{"line":38,"column":88}}],"line":38},"7":{"loc":{"start":{"line":39,"column":33},"end":{"line":39,"column":88}},"type":"cond-expr","locations":[{"start":{"line":39,"column":60},"end":{"line":39,"column":84}},{"start":{"line":39,"column":87},"end":{"line":39,"column":88}}],"line":39},"8":{"loc":{"start":{"line":43,"column":8},"end":{"line":46,"column":9}},"type":"if","locations":[{"start":{"line":43,"column":8},"end":{"line":46,"column":9}},{"start":{},"end":{}}],"line":43},"9":{"loc":{"start":{"line":50,"column":8},"end":{"line":53,"column":9}},"type":"if","locations":[{"start":{"line":50,"column":8},"end":{"line":53,"column":9}},{"start":{},"end":{}}],"line":50},"10":{"loc":{"start":{"line":57,"column":8},"end":{"line":59,"column":9}},"type":"if","locations":[{"start":{"line":57,"column":8},"end":{"line":59,"column":9}},{"start":{},"end":{}}],"line":57},"11":{"loc":{"start":{"line":61,"column":8},"end":{"line":217,"column":9}},"type":"switch","locations":[{"start":{"line":62,"column":12},"end":{"line":66,"column":22}},{"start":{"line":67,"column":12},"end":{"line":73,"column":22}},{"start":{"line":74,"column":12},"end":{"line":76,"column":22}},{"start":{"line":77,"column":12},"end":{"line":79,"column":22}},{"start":{"line":80,"column":12},"end":{"line":86,"column":22}},{"start":{"line":87,"column":12},"end":{"line":94,"column":22}},{"start":{"line":95,"column":12},"end":{"line":99,"column":22}},{"start":{"line":100,"column":12},"end":{"line":102,"column":22}},{"start":{"line":103,"column":12},"end":{"line":113,"column":22}},{"start":{"line":114,"column":12},"end":{"line":121,"column":22}},{"start":{"line":123,"column":12},"end":{"line":123,"column":45}},{"start":{"line":124,"column":12},"end":{"line":124,"column":46}},{"start":{"line":125,"column":12},"end":{"line":125,"column":48}},{"start":{"line":126,"column":12},"end":{"line":130,"column":22}},{"start":{"line":131,"column":12},"end":{"line":134,"column":22}},{"start":{"line":135,"column":12},"end":{"line":145,"column":22}},{"start":{"line":146,"column":12},"end":{"line":155,"column":22}},{"start":{"line":156,"column":12},"end":{"line":165,"column":22}},{"start":{"line":166,"column":12},"end":{"line":175,"column":22}},{"start":{"line":176,"column":12},"end":{"line":178,"column":22}},{"start":{"line":179,"column":12},"end":{"line":181,"column":22}},{"start":{"line":182,"column":12},"end":{"line":184,"column":22}},{"start":{"line":185,"column":12},"end":{"line":187,"column":22}},{"start":{"line":188,"column":12},"end":{"line":189,"column":58}},{"start":{"line":190,"column":12},"end":{"line":193,"column":22}},{"start":{"line":194,"column":12},"end":{"line":202,"column":22}},{"start":{"line":203,"column":12},"end":{"line":212,"column":22}},{"start":{"line":214,"column":12},"end":{"line":215,"column":22}}],"line":61},"12":{"loc":{"start":{"line":117,"column":20},"end":{"line":119,"column":21}},"type":"if","locations":[{"start":{"line":117,"column":20},"end":{"line":119,"column":21}},{"start":{},"end":{}}],"line":117},"13":{"loc":{"start":{"line":141,"column":20},"end":{"line":143,"column":21}},"type":"if","locations":[{"start":{"line":141,"column":20},"end":{"line":143,"column":21}},{"start":{},"end":{}}],"line":141},"14":{"loc":{"start":{"line":149,"column":16},"end":{"line":154,"column":17}},"type":"if","locations":[{"start":{"line":149,"column":16},"end":{"line":154,"column":17}},{"start":{"line":152,"column":23},"end":{"line":154,"column":17}}],"line":149},"15":{"loc":{"start":{"line":161,"column":20},"end":{"line":163,"column":21}},"type":"if","locations":[{"start":{"line":161,"column":20},"end":{"line":163,"column":21}},{"start":{},"end":{}}],"line":161},"16":{"loc":{"start":{"line":171,"column":20},"end":{"line":173,"column":21}},"type":"if","locations":[{"start":{"line":171,"column":20},"end":{"line":173,"column":21}},{"start":{},"end":{}}],"line":171},"17":{"loc":{"start":{"line":205,"column":16},"end":{"line":208,"column":17}},"type":"if","locations":[{"start":{"line":205,"column":16},"end":{"line":208,"column":17}},{"start":{},"end":{}}],"line":205}},"s":{"0":63,"1":63,"2":63,"3":63,"4":63,"5":63,"6":63,"7":63,"8":64,"9":64,"10":64,"11":64,"12":64,"13":64,"14":64,"15":64,"16":64,"17":161,"18":135,"19":135,"20":161,"21":401,"22":248,"23":248,"24":401,"25":342,"26":10,"27":332,"28":29,"29":36,"30":29,"31":82,"32":82,"33":82,"34":20,"35":82,"36":52,"37":52,"38":4,"39":4,"40":4,"41":4,"42":4,"43":4,"44":4,"45":4,"46":1,"47":1,"48":1,"49":1,"50":1,"51":1,"52":1,"53":8,"54":8,"55":8,"56":8,"57":11,"58":11,"59":1,"60":1,"61":1,"62":1,"63":1,"64":1,"65":1,"66":1,"67":1,"68":1,"69":4,"70":5,"71":5,"72":1,"73":4,"74":18,"75":18,"76":18,"77":18,"78":1,"79":1,"80":1,"81":2,"82":2,"83":2,"84":2,"85":3,"86":3,"87":2,"88":2,"89":2,"90":2,"91":2,"92":1,"93":1,"94":1,"95":2,"96":1,"97":1,"98":1,"99":2,"100":2,"101":1,"102":1,"103":1,"104":1,"105":1,"106":3,"107":3,"108":2,"109":1,"110":1,"111":1,"112":5,"113":5,"114":1,"115":1,"116":15,"117":15,"118":1,"119":6,"120":6,"121":6,"122":68,"123":68,"124":68,"125":68,"126":8,"127":68,"128":68,"129":15,"130":15,"131":9,"132":9,"133":15,"134":15,"135":15,"136":25,"137":15,"138":0},"f":{"0":64,"1":63,"2":64,"3":161,"4":401,"5":342,"6":36,"7":20,"8":5,"9":3,"10":2,"11":3,"12":8,"13":25},"b":{"0":[63,1],"1":[63,1],"2":[56,8],"3":[63,1],"4":[59,5],"5":[59,5],"6":[59,5],"7":[63,1],"8":[135,26],"9":[248,153],"10":[10,332],"11":[29,82,52,4,4,1,8,11,1,4,0,8,13,18,1,2,2,1,1,1,5,1,15,1,6,68,15,0],"12":[1,4],"13":[2,1],"14":[1,1],"15":[1,1],"16":[2,1],"17":[9,6]},"_coverageSchema":"1a1c01bbd47fc00a2c39e90264f33305004495a9","hash":"5f1a5aae8ac7336541ef5140e3454a665fd29425"}
,"/home/alivesurfin/uni2/code_quality/development/code/parsing/parser/AST_CONST_TYPES.js": {"path":"/home/alivesurfin/uni2/code_quality/development/code/parsing/parser/AST_CONST_TYPES.js","statementMap":{"0":{"start":{"line":7,"column":18},"end":{"line":39,"column":1}}},"fnMap":{},"branchMap":{},"s":{"0":27},"f":{},"b":{},"_coverageSchema":"1a1c01bbd47fc00a2c39e90264f33305004495a9","hash":"f8468484f884090cc5ef6b044bb30d5efec407fe"}
,"/home/alivesurfin/uni2/code_quality/development/code/parsing/parser/Parser.js": {"path":"/home/alivesurfin/uni2/code_quality/development/code/parsing/parser/Parser.js","statementMap":{"0":{"start":{"line":21,"column":8},"end":{"line":21,"column":27}},"1":{"start":{"line":22,"column":8},"end":{"line":22,"column":45}},"2":{"start":{"line":39,"column":8},"end":{"line":39,"column":28}},"3":{"start":{"line":40,"column":8},"end":{"line":40,"column":42}},"4":{"start":{"line":41,"column":8},"end":{"line":41,"column":47}},"5":{"start":{"line":42,"column":20},"end":{"line":42,"column":34}},"6":{"start":{"line":43,"column":8},"end":{"line":45,"column":9}},"7":{"start":{"line":44,"column":12},"end":{"line":44,"column":50}},"8":{"start":{"line":46,"column":8},"end":{"line":46,"column":18}},"9":{"start":{"line":56,"column":8},"end":{"line":59,"column":9}},"10":{"start":{"line":69,"column":22},"end":{"line":69,"column":36}},"11":{"start":{"line":75,"column":8},"end":{"line":75,"column":21}},"12":{"start":{"line":76,"column":8},"end":{"line":76,"column":21}},"13":{"start":{"line":83,"column":8},"end":{"line":83,"column":46}},"14":{"start":{"line":94,"column":19},"end":{"line":94,"column":49}},"15":{"start":{"line":95,"column":8},"end":{"line":97,"column":9}},"16":{"start":{"line":96,"column":12},"end":{"line":96,"column":51}},"17":{"start":{"line":98,"column":8},"end":{"line":98,"column":19}},"18":{"start":{"line":107,"column":26},"end":{"line":107,"column":42}},"19":{"start":{"line":108,"column":8},"end":{"line":110,"column":9}},"20":{"start":{"line":109,"column":12},"end":{"line":109,"column":32}},"21":{"start":{"line":111,"column":8},"end":{"line":111,"column":19}},"22":{"start":{"line":132,"column":8},"end":{"line":134,"column":9}},"23":{"start":{"line":133,"column":12},"end":{"line":133,"column":23}},"24":{"start":{"line":135,"column":8},"end":{"line":163,"column":9}},"25":{"start":{"line":137,"column":16},"end":{"line":137,"column":49}},"26":{"start":{"line":138,"column":16},"end":{"line":138,"column":28}},"27":{"start":{"line":140,"column":16},"end":{"line":140,"column":46}},"28":{"start":{"line":141,"column":16},"end":{"line":141,"column":27}},"29":{"start":{"line":143,"column":16},"end":{"line":143,"column":42}},"30":{"start":{"line":145,"column":16},"end":{"line":145,"column":45}},"31":{"start":{"line":147,"column":16},"end":{"line":147,"column":48}},"32":{"start":{"line":149,"column":16},"end":{"line":149,"column":50}},"33":{"start":{"line":151,"column":16},"end":{"line":151,"column":47}},"34":{"start":{"line":153,"column":16},"end":{"line":153,"column":46}},"35":{"start":{"line":155,"column":16},"end":{"line":155,"column":45}},"36":{"start":{"line":157,"column":16},"end":{"line":157,"column":47}},"37":{"start":{"line":159,"column":16},"end":{"line":159,"column":43}},"38":{"start":{"line":161,"column":16},"end":{"line":161,"column":50}},"39":{"start":{"line":175,"column":22},"end":{"line":175,"column":49}},"40":{"start":{"line":176,"column":19},"end":{"line":176,"column":36}},"41":{"start":{"line":177,"column":27},"end":{"line":177,"column":99}},"42":{"start":{"line":178,"column":8},"end":{"line":178,"column":40}},"43":{"start":{"line":179,"column":21},"end":{"line":179,"column":92}},"44":{"start":{"line":180,"column":20},"end":{"line":180,"column":53}},"45":{"start":{"line":181,"column":8},"end":{"line":190,"column":9}},"46":{"start":{"line":201,"column":8},"end":{"line":201,"column":37}},"47":{"start":{"line":202,"column":8},"end":{"line":202,"column":32}},"48":{"start":{"line":214,"column":19},"end":{"line":214,"column":21}},"49":{"start":{"line":215,"column":8},"end":{"line":222,"column":65}},"50":{"start":{"line":216,"column":12},"end":{"line":221,"column":13}},"51":{"start":{"line":217,"column":16},"end":{"line":217,"column":29}},"52":{"start":{"line":220,"column":16},"end":{"line":220,"column":57}},"53":{"start":{"line":223,"column":8},"end":{"line":223,"column":19}},"54":{"start":{"line":235,"column":8},"end":{"line":237,"column":9}},"55":{"start":{"line":236,"column":12},"end":{"line":236,"column":62}},"56":{"start":{"line":239,"column":21},"end":{"line":239,"column":38}},"57":{"start":{"line":240,"column":8},"end":{"line":242,"column":9}},"58":{"start":{"line":241,"column":12},"end":{"line":241,"column":25}},"59":{"start":{"line":243,"column":8},"end":{"line":243,"column":40}},"60":{"start":{"line":245,"column":23},"end":{"line":245,"column":98}},"61":{"start":{"line":246,"column":8},"end":{"line":246,"column":41}},"62":{"start":{"line":248,"column":21},"end":{"line":248,"column":42}},"63":{"start":{"line":250,"column":8},"end":{"line":259,"column":9}},"64":{"start":{"line":268,"column":23},"end":{"line":268,"column":25}},"65":{"start":{"line":270,"column":8},"end":{"line":272,"column":90}},"66":{"start":{"line":271,"column":12},"end":{"line":271,"column":43}},"67":{"start":{"line":274,"column":8},"end":{"line":274,"column":21}},"68":{"start":{"line":284,"column":22},"end":{"line":284,"column":50}},"69":{"start":{"line":285,"column":25},"end":{"line":285,"column":141}},"70":{"start":{"line":286,"column":18},"end":{"line":286,"column":26}},"71":{"start":{"line":287,"column":8},"end":{"line":289,"column":9}},"72":{"start":{"line":288,"column":12},"end":{"line":288,"column":42}},"73":{"start":{"line":290,"column":8},"end":{"line":292,"column":9}},"74":{"start":{"line":291,"column":12},"end":{"line":291,"column":23}},"75":{"start":{"line":294,"column":8},"end":{"line":301,"column":9}},"76":{"start":{"line":311,"column":22},"end":{"line":311,"column":49}},"77":{"start":{"line":312,"column":8},"end":{"line":312,"column":40}},"78":{"start":{"line":313,"column":21},"end":{"line":313,"column":38}},"79":{"start":{"line":314,"column":8},"end":{"line":314,"column":41}},"80":{"start":{"line":315,"column":21},"end":{"line":315,"column":37}},"81":{"start":{"line":316,"column":8},"end":{"line":324,"column":9}},"82":{"start":{"line":334,"column":22},"end":{"line":334,"column":47}},"83":{"start":{"line":335,"column":8},"end":{"line":335,"column":40}},"84":{"start":{"line":336,"column":21},"end":{"line":336,"column":100}},"85":{"start":{"line":337,"column":8},"end":{"line":337,"column":41}},"86":{"start":{"line":338,"column":21},"end":{"line":338,"column":94}},"87":{"start":{"line":339,"column":8},"end":{"line":339,"column":41}},"88":{"start":{"line":340,"column":23},"end":{"line":340,"column":97}},"89":{"start":{"line":341,"column":8},"end":{"line":341,"column":41}},"90":{"start":{"line":343,"column":21},"end":{"line":343,"column":37}},"91":{"start":{"line":345,"column":8},"end":{"line":355,"column":9}},"92":{"start":{"line":366,"column":8},"end":{"line":368,"column":9}},"93":{"start":{"line":367,"column":12},"end":{"line":367,"column":47}},"94":{"start":{"line":369,"column":8},"end":{"line":369,"column":32}},"95":{"start":{"line":379,"column":22},"end":{"line":379,"column":46}},"96":{"start":{"line":381,"column":21},"end":{"line":381,"column":37}},"97":{"start":{"line":382,"column":8},"end":{"line":382,"column":35}},"98":{"start":{"line":383,"column":8},"end":{"line":383,"column":40}},"99":{"start":{"line":384,"column":21},"end":{"line":384,"column":38}},"100":{"start":{"line":385,"column":20},"end":{"line":385,"column":53}},"101":{"start":{"line":386,"column":8},"end":{"line":394,"column":9}},"102":{"start":{"line":405,"column":25},"end":{"line":405,"column":49}},"103":{"start":{"line":406,"column":26},"end":{"line":406,"column":58}},"104":{"start":{"line":407,"column":21},"end":{"line":407,"column":38}},"105":{"start":{"line":408,"column":24},"end":{"line":408,"column":57}},"106":{"start":{"line":409,"column":27},"end":{"line":409,"column":43}},"107":{"start":{"line":410,"column":24},"end":{"line":410,"column":28}},"108":{"start":{"line":411,"column":8},"end":{"line":414,"column":9}},"109":{"start":{"line":412,"column":12},"end":{"line":412,"column":38}},"110":{"start":{"line":413,"column":12},"end":{"line":413,"column":40}},"111":{"start":{"line":415,"column":8},"end":{"line":424,"column":9}},"112":{"start":{"line":435,"column":8},"end":{"line":443,"column":9}},"113":{"start":{"line":436,"column":12},"end":{"line":436,"column":49}},"114":{"start":{"line":438,"column":12},"end":{"line":442,"column":13}},"115":{"start":{"line":439,"column":16},"end":{"line":439,"column":56}},"116":{"start":{"line":441,"column":16},"end":{"line":441,"column":49}},"117":{"start":{"line":453,"column":22},"end":{"line":453,"column":64}},"118":{"start":{"line":454,"column":29},"end":{"line":454,"column":59}},"119":{"start":{"line":455,"column":8},"end":{"line":462,"column":9}},"120":{"start":{"line":472,"column":22},"end":{"line":472,"column":64}},"121":{"start":{"line":473,"column":29},"end":{"line":473,"column":59}},"122":{"start":{"line":474,"column":20},"end":{"line":474,"column":44}},"123":{"start":{"line":475,"column":8},"end":{"line":482,"column":9}},"124":{"start":{"line":492,"column":29},"end":{"line":492,"column":31}},"125":{"start":{"line":494,"column":8},"end":{"line":497,"column":133}},"126":{"start":{"line":495,"column":12},"end":{"line":495,"column":57}},"127":{"start":{"line":499,"column":8},"end":{"line":499,"column":27}},"128":{"start":{"line":509,"column":19},"end":{"line":509,"column":36}},"129":{"start":{"line":510,"column":21},"end":{"line":511,"column":38}},"130":{"start":{"line":512,"column":20},"end":{"line":515,"column":9}},"131":{"start":{"line":516,"column":8},"end":{"line":521,"column":9}},"132":{"start":{"line":531,"column":8},"end":{"line":531,"column":49}},"133":{"start":{"line":532,"column":8},"end":{"line":532,"column":42}},"134":{"start":{"line":542,"column":22},"end":{"line":542,"column":54}},"135":{"start":{"line":544,"column":26},"end":{"line":544,"column":124}},"136":{"start":{"line":546,"column":20},"end":{"line":546,"column":53}},"137":{"start":{"line":548,"column":8},"end":{"line":555,"column":9}},"138":{"start":{"line":563,"column":27},"end":{"line":563,"column":44}},"139":{"start":{"line":564,"column":8},"end":{"line":564,"column":33}},"140":{"start":{"line":566,"column":8},"end":{"line":569,"column":9}},"141":{"start":{"line":577,"column":8},"end":{"line":577,"column":42}},"142":{"start":{"line":588,"column":21},"end":{"line":588,"column":47}},"143":{"start":{"line":589,"column":8},"end":{"line":591,"column":9}},"144":{"start":{"line":590,"column":12},"end":{"line":590,"column":23}},"145":{"start":{"line":593,"column":24},"end":{"line":599,"column":9}},"146":{"start":{"line":600,"column":8},"end":{"line":603,"column":9}},"147":{"start":{"line":604,"column":8},"end":{"line":604,"column":25}},"148":{"start":{"line":615,"column":19},"end":{"line":615,"column":46}},"149":{"start":{"line":616,"column":8},"end":{"line":626,"column":9}},"150":{"start":{"line":617,"column":29},"end":{"line":617,"column":70}},"151":{"start":{"line":618,"column":26},"end":{"line":618,"column":53}},"152":{"start":{"line":619,"column":12},"end":{"line":625,"column":13}},"153":{"start":{"line":627,"column":8},"end":{"line":627,"column":19}},"154":{"start":{"line":638,"column":19},"end":{"line":638,"column":44}},"155":{"start":{"line":639,"column":8},"end":{"line":649,"column":9}},"156":{"start":{"line":640,"column":29},"end":{"line":640,"column":71}},"157":{"start":{"line":641,"column":26},"end":{"line":641,"column":51}},"158":{"start":{"line":642,"column":12},"end":{"line":648,"column":13}},"159":{"start":{"line":650,"column":8},"end":{"line":650,"column":19}},"160":{"start":{"line":661,"column":19},"end":{"line":661,"column":46}},"161":{"start":{"line":663,"column":8},"end":{"line":676,"column":9}},"162":{"start":{"line":664,"column":29},"end":{"line":664,"column":68}},"163":{"start":{"line":665,"column":26},"end":{"line":665,"column":53}},"164":{"start":{"line":666,"column":12},"end":{"line":675,"column":13}},"165":{"start":{"line":677,"column":8},"end":{"line":677,"column":19}},"166":{"start":{"line":688,"column":19},"end":{"line":688,"column":46}},"167":{"start":{"line":690,"column":8},"end":{"line":703,"column":9}},"168":{"start":{"line":691,"column":29},"end":{"line":691,"column":70}},"169":{"start":{"line":692,"column":26},"end":{"line":692,"column":53}},"170":{"start":{"line":693,"column":12},"end":{"line":702,"column":13}},"171":{"start":{"line":704,"column":8},"end":{"line":704,"column":19}},"172":{"start":{"line":716,"column":19},"end":{"line":716,"column":50}},"173":{"start":{"line":717,"column":8},"end":{"line":730,"column":9}},"174":{"start":{"line":718,"column":29},"end":{"line":718,"column":70}},"175":{"start":{"line":719,"column":26},"end":{"line":719,"column":57}},"176":{"start":{"line":720,"column":12},"end":{"line":729,"column":13}},"177":{"start":{"line":731,"column":8},"end":{"line":731,"column":20}},"178":{"start":{"line":743,"column":19},"end":{"line":743,"column":41}},"179":{"start":{"line":744,"column":8},"end":{"line":757,"column":9}},"180":{"start":{"line":745,"column":29},"end":{"line":745,"column":74}},"181":{"start":{"line":746,"column":26},"end":{"line":746,"column":48}},"182":{"start":{"line":747,"column":12},"end":{"line":756,"column":13}},"183":{"start":{"line":758,"column":8},"end":{"line":758,"column":20}},"184":{"start":{"line":770,"column":8},"end":{"line":778,"column":9}},"185":{"start":{"line":772,"column":16},"end":{"line":772,"column":68}},"186":{"start":{"line":773,"column":16},"end":{"line":773,"column":22}},"187":{"start":{"line":775,"column":16},"end":{"line":775,"column":69}},"188":{"start":{"line":776,"column":16},"end":{"line":776,"column":22}},"189":{"start":{"line":779,"column":8},"end":{"line":791,"column":9}},"190":{"start":{"line":780,"column":29},"end":{"line":780,"column":51}},"191":{"start":{"line":781,"column":12},"end":{"line":790,"column":13}},"192":{"start":{"line":792,"column":8},"end":{"line":792,"column":42}},"193":{"start":{"line":805,"column":8},"end":{"line":807,"column":9}},"194":{"start":{"line":806,"column":12},"end":{"line":806,"column":52}},"195":{"start":{"line":808,"column":23},"end":{"line":808,"column":46}},"196":{"start":{"line":810,"column":8},"end":{"line":812,"column":9}},"197":{"start":{"line":811,"column":12},"end":{"line":811,"column":46}},"198":{"start":{"line":813,"column":8},"end":{"line":813,"column":21}},"199":{"start":{"line":826,"column":19},"end":{"line":826,"column":35}},"200":{"start":{"line":827,"column":19},"end":{"line":832,"column":9}},"201":{"start":{"line":833,"column":8},"end":{"line":835,"column":9}},"202":{"start":{"line":834,"column":12},"end":{"line":834,"column":44}},"203":{"start":{"line":836,"column":8},"end":{"line":836,"column":19}},"204":{"start":{"line":847,"column":20},"end":{"line":847,"column":52}},"205":{"start":{"line":848,"column":29},"end":{"line":848,"column":103}},"206":{"start":{"line":849,"column":18},"end":{"line":849,"column":51}},"207":{"start":{"line":851,"column":8},"end":{"line":857,"column":9}},"208":{"start":{"line":868,"column":19},"end":{"line":868,"column":21}},"209":{"start":{"line":869,"column":8},"end":{"line":871,"column":90}},"210":{"start":{"line":870,"column":12},"end":{"line":870,"column":56}},"211":{"start":{"line":872,"column":8},"end":{"line":872,"column":19}},"212":{"start":{"line":882,"column":18},"end":{"line":882,"column":45}},"213":{"start":{"line":883,"column":8},"end":{"line":885,"column":9}},"214":{"start":{"line":884,"column":12},"end":{"line":884,"column":26}},"215":{"start":{"line":886,"column":8},"end":{"line":886,"column":19}},"216":{"start":{"line":901,"column":21},"end":{"line":901,"column":45}},"217":{"start":{"line":902,"column":8},"end":{"line":934,"column":9}},"218":{"start":{"line":903,"column":12},"end":{"line":917,"column":13}},"219":{"start":{"line":904,"column":31},"end":{"line":904,"column":56}},"220":{"start":{"line":905,"column":33},"end":{"line":905,"column":50}},"221":{"start":{"line":906,"column":16},"end":{"line":915,"column":17}},"222":{"start":{"line":918,"column":12},"end":{"line":933,"column":13}},"223":{"start":{"line":919,"column":30},"end":{"line":919,"column":63}},"224":{"start":{"line":920,"column":33},"end":{"line":920,"column":50}},"225":{"start":{"line":921,"column":28},"end":{"line":921,"column":62}},"226":{"start":{"line":922,"column":16},"end":{"line":931,"column":17}},"227":{"start":{"line":935,"column":8},"end":{"line":935,"column":21}},"228":{"start":{"line":944,"column":22},"end":{"line":944,"column":54}},"229":{"start":{"line":945,"column":8},"end":{"line":949,"column":9}},"230":{"start":{"line":961,"column":8},"end":{"line":963,"column":9}},"231":{"start":{"line":962,"column":12},"end":{"line":962,"column":60}},"232":{"start":{"line":964,"column":8},"end":{"line":964,"column":62}},"233":{"start":{"line":983,"column":8},"end":{"line":985,"column":9}},"234":{"start":{"line":984,"column":12},"end":{"line":984,"column":33}},"235":{"start":{"line":986,"column":8},"end":{"line":999,"column":9}},"236":{"start":{"line":988,"column":16},"end":{"line":988,"column":46}},"237":{"start":{"line":990,"column":16},"end":{"line":990,"column":51}},"238":{"start":{"line":992,"column":16},"end":{"line":992,"column":40}},"239":{"start":{"line":994,"column":16},"end":{"line":994,"column":44}},"240":{"start":{"line":996,"column":16},"end":{"line":996,"column":43}},"241":{"start":{"line":998,"column":16},"end":{"line":998,"column":220}},"242":{"start":{"line":1009,"column":22},"end":{"line":1009,"column":47}},"243":{"start":{"line":1010,"column":23},"end":{"line":1010,"column":46}},"244":{"start":{"line":1011,"column":21},"end":{"line":1011,"column":37}},"245":{"start":{"line":1012,"column":8},"end":{"line":1020,"column":9}},"246":{"start":{"line":1030,"column":22},"end":{"line":1030,"column":48}},"247":{"start":{"line":1031,"column":8},"end":{"line":1034,"column":9}},"248":{"start":{"line":1043,"column":22},"end":{"line":1043,"column":49}},"249":{"start":{"line":1044,"column":8},"end":{"line":1047,"column":9}},"250":{"start":{"line":1057,"column":8},"end":{"line":1057,"column":41}},"251":{"start":{"line":1058,"column":27},"end":{"line":1058,"column":44}},"252":{"start":{"line":1059,"column":8},"end":{"line":1059,"column":41}},"253":{"start":{"line":1061,"column":8},"end":{"line":1061,"column":25}},"254":{"start":{"line":1078,"column":8},"end":{"line":1089,"column":9}},"255":{"start":{"line":1080,"column":16},"end":{"line":1080,"column":45}},"256":{"start":{"line":1082,"column":16},"end":{"line":1082,"column":44}},"257":{"start":{"line":1084,"column":16},"end":{"line":1084,"column":64}},"258":{"start":{"line":1086,"column":16},"end":{"line":1086,"column":64}},"259":{"start":{"line":1088,"column":16},"end":{"line":1088,"column":42}},"260":{"start":{"line":1107,"column":22},"end":{"line":1107,"column":55}},"261":{"start":{"line":1108,"column":25},"end":{"line":1108,"column":27}},"262":{"start":{"line":1109,"column":8},"end":{"line":1116,"column":9}},"263":{"start":{"line":1110,"column":22},"end":{"line":1110,"column":56}},"264":{"start":{"line":1111,"column":12},"end":{"line":1115,"column":13}},"265":{"start":{"line":1117,"column":8},"end":{"line":1119,"column":133}},"266":{"start":{"line":1118,"column":12},"end":{"line":1118,"column":51}},"267":{"start":{"line":1120,"column":20},"end":{"line":1120,"column":54}},"268":{"start":{"line":1121,"column":8},"end":{"line":1125,"column":9}},"269":{"start":{"line":1136,"column":20},"end":{"line":1136,"column":38}},"270":{"start":{"line":1137,"column":8},"end":{"line":1142,"column":9}},"271":{"start":{"line":1151,"column":20},"end":{"line":1151,"column":50}},"272":{"start":{"line":1152,"column":8},"end":{"line":1156,"column":9}},"273":{"start":{"line":1165,"column":22},"end":{"line":1165,"column":50}},"274":{"start":{"line":1166,"column":8},"end":{"line":1166,"column":93}},"275":{"start":{"line":1176,"column":22},"end":{"line":1176,"column":50}},"276":{"start":{"line":1177,"column":8},"end":{"line":1177,"column":97}}},"fnMap":{"0":{"name":"(anonymous_0)","decl":{"start":{"line":20,"column":4},"end":{"line":20,"column":5}},"loc":{"start":{"line":20,"column":28},"end":{"line":23,"column":5}},"line":20},"1":{"name":"(anonymous_1)","decl":{"start":{"line":38,"column":4},"end":{"line":38,"column":5}},"loc":{"start":{"line":38,"column":17},"end":{"line":47,"column":5}},"line":38},"2":{"name":"(anonymous_2)","decl":{"start":{"line":55,"column":4},"end":{"line":55,"column":5}},"loc":{"start":{"line":55,"column":14},"end":{"line":60,"column":5}},"line":55},"3":{"name":"(anonymous_3)","decl":{"start":{"line":68,"column":4},"end":{"line":68,"column":5}},"loc":{"start":{"line":68,"column":14},"end":{"line":77,"column":5}},"line":68},"4":{"name":"(anonymous_4)","decl":{"start":{"line":82,"column":4},"end":{"line":82,"column":5}},"loc":{"start":{"line":82,"column":13},"end":{"line":84,"column":5}},"line":82},"5":{"name":"(anonymous_5)","decl":{"start":{"line":93,"column":4},"end":{"line":93,"column":5}},"loc":{"start":{"line":93,"column":42},"end":{"line":99,"column":5}},"line":93},"6":{"name":"(anonymous_6)","decl":{"start":{"line":106,"column":4},"end":{"line":106,"column":5}},"loc":{"start":{"line":106,"column":32},"end":{"line":112,"column":5}},"line":106},"7":{"name":"(anonymous_7)","decl":{"start":{"line":131,"column":4},"end":{"line":131,"column":5}},"loc":{"start":{"line":131,"column":16},"end":{"line":165,"column":5}},"line":131},"8":{"name":"(anonymous_8)","decl":{"start":{"line":174,"column":4},"end":{"line":174,"column":5}},"loc":{"start":{"line":174,"column":23},"end":{"line":192,"column":5}},"line":174},"9":{"name":"(anonymous_9)","decl":{"start":{"line":200,"column":4},"end":{"line":200,"column":5}},"loc":{"start":{"line":200,"column":19},"end":{"line":203,"column":5}},"line":200},"10":{"name":"(anonymous_10)","decl":{"start":{"line":212,"column":4},"end":{"line":212,"column":5}},"loc":{"start":{"line":212,"column":16},"end":{"line":224,"column":5}},"line":212},"11":{"name":"(anonymous_11)","decl":{"start":{"line":233,"column":4},"end":{"line":233,"column":5}},"loc":{"start":{"line":233,"column":50},"end":{"line":261,"column":5}},"line":233},"12":{"name":"(anonymous_12)","decl":{"start":{"line":267,"column":4},"end":{"line":267,"column":5}},"loc":{"start":{"line":267,"column":20},"end":{"line":275,"column":5}},"line":267},"13":{"name":"(anonymous_13)","decl":{"start":{"line":283,"column":4},"end":{"line":283,"column":5}},"loc":{"start":{"line":283,"column":22},"end":{"line":302,"column":5}},"line":283},"14":{"name":"(anonymous_14)","decl":{"start":{"line":310,"column":4},"end":{"line":310,"column":5}},"loc":{"start":{"line":310,"column":21},"end":{"line":325,"column":5}},"line":310},"15":{"name":"(anonymous_15)","decl":{"start":{"line":333,"column":4},"end":{"line":333,"column":5}},"loc":{"start":{"line":333,"column":19},"end":{"line":356,"column":5}},"line":333},"16":{"name":"(anonymous_16)","decl":{"start":{"line":365,"column":4},"end":{"line":365,"column":5}},"loc":{"start":{"line":365,"column":23},"end":{"line":370,"column":5}},"line":365},"17":{"name":"(anonymous_17)","decl":{"start":{"line":378,"column":4},"end":{"line":378,"column":5}},"loc":{"start":{"line":378,"column":23},"end":{"line":395,"column":5}},"line":378},"18":{"name":"(anonymous_18)","decl":{"start":{"line":404,"column":4},"end":{"line":404,"column":5}},"loc":{"start":{"line":404,"column":18},"end":{"line":425,"column":5}},"line":404},"19":{"name":"(anonymous_19)","decl":{"start":{"line":432,"column":4},"end":{"line":432,"column":5}},"loc":{"start":{"line":432,"column":24},"end":{"line":444,"column":5}},"line":432},"20":{"name":"(anonymous_20)","decl":{"start":{"line":452,"column":4},"end":{"line":452,"column":5}},"loc":{"start":{"line":452,"column":28},"end":{"line":463,"column":5}},"line":452},"21":{"name":"(anonymous_21)","decl":{"start":{"line":471,"column":4},"end":{"line":471,"column":5}},"loc":{"start":{"line":471,"column":24},"end":{"line":483,"column":5}},"line":471},"22":{"name":"(anonymous_22)","decl":{"start":{"line":491,"column":4},"end":{"line":491,"column":5}},"loc":{"start":{"line":491,"column":30},"end":{"line":500,"column":5}},"line":491},"23":{"name":"(anonymous_23)","decl":{"start":{"line":508,"column":4},"end":{"line":508,"column":5}},"loc":{"start":{"line":508,"column":26},"end":{"line":522,"column":5}},"line":508},"24":{"name":"(anonymous_24)","decl":{"start":{"line":530,"column":4},"end":{"line":530,"column":5}},"loc":{"start":{"line":530,"column":19},"end":{"line":533,"column":5}},"line":530},"25":{"name":"(anonymous_25)","decl":{"start":{"line":541,"column":4},"end":{"line":541,"column":5}},"loc":{"start":{"line":541,"column":21},"end":{"line":556,"column":5}},"line":541},"26":{"name":"(anonymous_26)","decl":{"start":{"line":562,"column":4},"end":{"line":562,"column":5}},"loc":{"start":{"line":562,"column":26},"end":{"line":570,"column":5}},"line":562},"27":{"name":"(anonymous_27)","decl":{"start":{"line":576,"column":4},"end":{"line":576,"column":5}},"loc":{"start":{"line":576,"column":17},"end":{"line":578,"column":5}},"line":576},"28":{"name":"(anonymous_28)","decl":{"start":{"line":587,"column":4},"end":{"line":587,"column":5}},"loc":{"start":{"line":587,"column":27},"end":{"line":605,"column":5}},"line":587},"29":{"name":"(anonymous_29)","decl":{"start":{"line":614,"column":4},"end":{"line":614,"column":5}},"loc":{"start":{"line":614,"column":26},"end":{"line":628,"column":5}},"line":614},"30":{"name":"(anonymous_30)","decl":{"start":{"line":637,"column":4},"end":{"line":637,"column":5}},"loc":{"start":{"line":637,"column":27},"end":{"line":651,"column":5}},"line":637},"31":{"name":"(anonymous_31)","decl":{"start":{"line":660,"column":4},"end":{"line":660,"column":5}},"loc":{"start":{"line":660,"column":25},"end":{"line":678,"column":5}},"line":660},"32":{"name":"(anonymous_32)","decl":{"start":{"line":687,"column":4},"end":{"line":687,"column":5}},"loc":{"start":{"line":687,"column":27},"end":{"line":705,"column":5}},"line":687},"33":{"name":"(anonymous_33)","decl":{"start":{"line":714,"column":4},"end":{"line":714,"column":5}},"loc":{"start":{"line":714,"column":27},"end":{"line":733,"column":5}},"line":714},"34":{"name":"(anonymous_34)","decl":{"start":{"line":742,"column":4},"end":{"line":742,"column":5}},"loc":{"start":{"line":742,"column":31},"end":{"line":759,"column":5}},"line":742},"35":{"name":"(anonymous_35)","decl":{"start":{"line":768,"column":4},"end":{"line":768,"column":5}},"loc":{"start":{"line":768,"column":22},"end":{"line":793,"column":5}},"line":768},"36":{"name":"(anonymous_36)","decl":{"start":{"line":804,"column":4},"end":{"line":804,"column":5}},"loc":{"start":{"line":804,"column":27},"end":{"line":815,"column":5}},"line":804},"37":{"name":"(anonymous_37)","decl":{"start":{"line":825,"column":4},"end":{"line":825,"column":5}},"loc":{"start":{"line":825,"column":27},"end":{"line":837,"column":5}},"line":825},"38":{"name":"(anonymous_38)","decl":{"start":{"line":846,"column":4},"end":{"line":846,"column":5}},"loc":{"start":{"line":846,"column":16},"end":{"line":858,"column":5}},"line":846},"39":{"name":"(anonymous_39)","decl":{"start":{"line":867,"column":4},"end":{"line":867,"column":5}},"loc":{"start":{"line":867,"column":19},"end":{"line":873,"column":5}},"line":867},"40":{"name":"(anonymous_40)","decl":{"start":{"line":881,"column":4},"end":{"line":881,"column":5}},"loc":{"start":{"line":881,"column":37},"end":{"line":887,"column":5}},"line":881},"41":{"name":"(anonymous_41)","decl":{"start":{"line":900,"column":4},"end":{"line":900,"column":5}},"loc":{"start":{"line":900,"column":23},"end":{"line":936,"column":5}},"line":900},"42":{"name":"(anonymous_42)","decl":{"start":{"line":943,"column":4},"end":{"line":943,"column":5}},"loc":{"start":{"line":943,"column":17},"end":{"line":951,"column":5}},"line":943},"43":{"name":"(anonymous_43)","decl":{"start":{"line":960,"column":4},"end":{"line":960,"column":5}},"loc":{"start":{"line":960,"column":25},"end":{"line":965,"column":5}},"line":960},"44":{"name":"(anonymous_44)","decl":{"start":{"line":982,"column":4},"end":{"line":982,"column":5}},"loc":{"start":{"line":982,"column":24},"end":{"line":1000,"column":5}},"line":982},"45":{"name":"(anonymous_45)","decl":{"start":{"line":1008,"column":4},"end":{"line":1008,"column":5}},"loc":{"start":{"line":1008,"column":20},"end":{"line":1021,"column":5}},"line":1008},"46":{"name":"(anonymous_46)","decl":{"start":{"line":1029,"column":4},"end":{"line":1029,"column":5}},"loc":{"start":{"line":1029,"column":21},"end":{"line":1035,"column":5}},"line":1029},"47":{"name":"(anonymous_47)","decl":{"start":{"line":1042,"column":4},"end":{"line":1042,"column":5}},"loc":{"start":{"line":1042,"column":12},"end":{"line":1048,"column":5}},"line":1042},"48":{"name":"(anonymous_48)","decl":{"start":{"line":1056,"column":4},"end":{"line":1056,"column":5}},"loc":{"start":{"line":1056,"column":28},"end":{"line":1062,"column":5}},"line":1056},"49":{"name":"(anonymous_49)","decl":{"start":{"line":1077,"column":4},"end":{"line":1077,"column":5}},"loc":{"start":{"line":1077,"column":14},"end":{"line":1096,"column":5}},"line":1077},"50":{"name":"(anonymous_50)","decl":{"start":{"line":1106,"column":4},"end":{"line":1106,"column":5}},"loc":{"start":{"line":1106,"column":22},"end":{"line":1127,"column":5}},"line":1106},"51":{"name":"(anonymous_51)","decl":{"start":{"line":1135,"column":4},"end":{"line":1135,"column":5}},"loc":{"start":{"line":1135,"column":25},"end":{"line":1143,"column":5}},"line":1135},"52":{"name":"(anonymous_52)","decl":{"start":{"line":1150,"column":4},"end":{"line":1150,"column":5}},"loc":{"start":{"line":1150,"column":18},"end":{"line":1157,"column":5}},"line":1150},"53":{"name":"(anonymous_53)","decl":{"start":{"line":1164,"column":4},"end":{"line":1164,"column":5}},"loc":{"start":{"line":1164,"column":21},"end":{"line":1168,"column":5}},"line":1164},"54":{"name":"(anonymous_54)","decl":{"start":{"line":1175,"column":4},"end":{"line":1175,"column":5}},"loc":{"start":{"line":1175,"column":20},"end":{"line":1178,"column":5}},"line":1175}},"branchMap":{"0":{"loc":{"start":{"line":20,"column":16},"end":{"line":20,"column":26}},"type":"default-arg","locations":[{"start":{"line":20,"column":24},"end":{"line":20,"column":26}}],"line":20},"1":{"loc":{"start":{"line":43,"column":8},"end":{"line":45,"column":9}},"type":"if","locations":[{"start":{"line":43,"column":8},"end":{"line":45,"column":9}},{"start":{},"end":{}}],"line":43},"2":{"loc":{"start":{"line":93,"column":18},"end":{"line":93,"column":40}},"type":"default-arg","locations":[{"start":{"line":93,"column":36},"end":{"line":93,"column":40}}],"line":93},"3":{"loc":{"start":{"line":95,"column":15},"end":{"line":95,"column":97}},"type":"binary-expr","locations":[{"start":{"line":95,"column":15},"end":{"line":95,"column":54}},{"start":{"line":95,"column":58},"end":{"line":95,"column":97}}],"line":95},"4":{"loc":{"start":{"line":108,"column":8},"end":{"line":110,"column":9}},"type":"if","locations":[{"start":{"line":108,"column":8},"end":{"line":110,"column":9}},{"start":{},"end":{}}],"line":108},"5":{"loc":{"start":{"line":132,"column":8},"end":{"line":134,"column":9}},"type":"if","locations":[{"start":{"line":132,"column":8},"end":{"line":134,"column":9}},{"start":{},"end":{}}],"line":132},"6":{"loc":{"start":{"line":135,"column":8},"end":{"line":163,"column":9}},"type":"switch","locations":[{"start":{"line":136,"column":12},"end":{"line":138,"column":28}},{"start":{"line":139,"column":12},"end":{"line":141,"column":27}},{"start":{"line":142,"column":12},"end":{"line":143,"column":42}},{"start":{"line":144,"column":12},"end":{"line":145,"column":45}},{"start":{"line":146,"column":12},"end":{"line":147,"column":48}},{"start":{"line":148,"column":12},"end":{"line":149,"column":50}},{"start":{"line":150,"column":12},"end":{"line":151,"column":47}},{"start":{"line":152,"column":12},"end":{"line":153,"column":46}},{"start":{"line":154,"column":12},"end":{"line":155,"column":45}},{"start":{"line":156,"column":12},"end":{"line":157,"column":47}},{"start":{"line":158,"column":12},"end":{"line":159,"column":43}},{"start":{"line":160,"column":12},"end":{"line":161,"column":50}}],"line":135},"7":{"loc":{"start":{"line":177,"column":27},"end":{"line":177,"column":99}},"type":"cond-expr","locations":[{"start":{"line":177,"column":73},"end":{"line":177,"column":92}},{"start":{"line":177,"column":95},"end":{"line":177,"column":99}}],"line":177},"8":{"loc":{"start":{"line":179,"column":21},"end":{"line":179,"column":92}},"type":"cond-expr","locations":[{"start":{"line":179,"column":71},"end":{"line":179,"column":73}},{"start":{"line":179,"column":76},"end":{"line":179,"column":92}}],"line":179},"9":{"loc":{"start":{"line":216,"column":12},"end":{"line":221,"column":13}},"type":"if","locations":[{"start":{"line":216,"column":12},"end":{"line":221,"column":13}},{"start":{"line":219,"column":19},"end":{"line":221,"column":13}}],"line":216},"10":{"loc":{"start":{"line":233,"column":24},"end":{"line":233,"column":48}},"type":"default-arg","locations":[{"start":{"line":233,"column":43},"end":{"line":233,"column":48}}],"line":233},"11":{"loc":{"start":{"line":235,"column":8},"end":{"line":237,"column":9}},"type":"if","locations":[{"start":{"line":235,"column":8},"end":{"line":237,"column":9}},{"start":{},"end":{}}],"line":235},"12":{"loc":{"start":{"line":240,"column":8},"end":{"line":242,"column":9}},"type":"if","locations":[{"start":{"line":240,"column":8},"end":{"line":242,"column":9}},{"start":{},"end":{}}],"line":240},"13":{"loc":{"start":{"line":245,"column":23},"end":{"line":245,"column":98}},"type":"cond-expr","locations":[{"start":{"line":245,"column":73},"end":{"line":245,"column":75}},{"start":{"line":245,"column":78},"end":{"line":245,"column":98}}],"line":245},"14":{"loc":{"start":{"line":272,"column":17},"end":{"line":272,"column":89}},"type":"binary-expr","locations":[{"start":{"line":272,"column":17},"end":{"line":272,"column":58}},{"start":{"line":272,"column":62},"end":{"line":272,"column":89}}],"line":272},"15":{"loc":{"start":{"line":285,"column":25},"end":{"line":285,"column":141}},"type":"cond-expr","locations":[{"start":{"line":285,"column":117},"end":{"line":285,"column":121}},{"start":{"line":285,"column":124},"end":{"line":285,"column":141}}],"line":285},"16":{"loc":{"start":{"line":285,"column":26},"end":{"line":285,"column":113}},"type":"binary-expr","locations":[{"start":{"line":285,"column":26},"end":{"line":285,"column":62}},{"start":{"line":285,"column":66},"end":{"line":285,"column":113}}],"line":285},"17":{"loc":{"start":{"line":287,"column":8},"end":{"line":289,"column":9}},"type":"if","locations":[{"start":{"line":287,"column":8},"end":{"line":289,"column":9}},{"start":{},"end":{}}],"line":287},"18":{"loc":{"start":{"line":290,"column":8},"end":{"line":292,"column":9}},"type":"if","locations":[{"start":{"line":290,"column":8},"end":{"line":292,"column":9}},{"start":{},"end":{}}],"line":290},"19":{"loc":{"start":{"line":336,"column":21},"end":{"line":336,"column":100}},"type":"cond-expr","locations":[{"start":{"line":336,"column":70},"end":{"line":336,"column":74}},{"start":{"line":336,"column":77},"end":{"line":336,"column":100}}],"line":336},"20":{"loc":{"start":{"line":338,"column":21},"end":{"line":338,"column":94}},"type":"cond-expr","locations":[{"start":{"line":338,"column":70},"end":{"line":338,"column":74}},{"start":{"line":338,"column":77},"end":{"line":338,"column":94}}],"line":338},"21":{"loc":{"start":{"line":340,"column":23},"end":{"line":340,"column":97}},"type":"cond-expr","locations":[{"start":{"line":340,"column":73},"end":{"line":340,"column":77}},{"start":{"line":340,"column":80},"end":{"line":340,"column":97}}],"line":340},"22":{"loc":{"start":{"line":347,"column":18},"end":{"line":347,"column":36}},"type":"cond-expr","locations":[{"start":{"line":347,"column":25},"end":{"line":347,"column":29}},{"start":{"line":347,"column":32},"end":{"line":347,"column":36}}],"line":347},"23":{"loc":{"start":{"line":348,"column":18},"end":{"line":348,"column":36}},"type":"cond-expr","locations":[{"start":{"line":348,"column":25},"end":{"line":348,"column":29}},{"start":{"line":348,"column":32},"end":{"line":348,"column":36}}],"line":348},"24":{"loc":{"start":{"line":349,"column":20},"end":{"line":349,"column":42}},"type":"cond-expr","locations":[{"start":{"line":349,"column":29},"end":{"line":349,"column":35}},{"start":{"line":349,"column":38},"end":{"line":349,"column":42}}],"line":349},"25":{"loc":{"start":{"line":366,"column":8},"end":{"line":368,"column":9}},"type":"if","locations":[{"start":{"line":366,"column":8},"end":{"line":368,"column":9}},{"start":{},"end":{}}],"line":366},"26":{"loc":{"start":{"line":411,"column":8},"end":{"line":414,"column":9}},"type":"if","locations":[{"start":{"line":411,"column":8},"end":{"line":414,"column":9}},{"start":{},"end":{}}],"line":411},"27":{"loc":{"start":{"line":411,"column":12},"end":{"line":411,"column":95}},"type":"binary-expr","locations":[{"start":{"line":411,"column":12},"end":{"line":411,"column":51}},{"start":{"line":411,"column":55},"end":{"line":411,"column":95}}],"line":411},"28":{"loc":{"start":{"line":422,"column":21},"end":{"line":422,"column":79}},"type":"cond-expr","locations":[{"start":{"line":422,"column":41},"end":{"line":422,"column":59}},{"start":{"line":422,"column":62},"end":{"line":422,"column":79}}],"line":422},"29":{"loc":{"start":{"line":460,"column":21},"end":{"line":460,"column":108}},"type":"cond-expr","locations":[{"start":{"line":460,"column":47},"end":{"line":460,"column":92}},{"start":{"line":460,"column":95},"end":{"line":460,"column":108}}],"line":460},"30":{"loc":{"start":{"line":497,"column":17},"end":{"line":497,"column":132}},"type":"binary-expr","locations":[{"start":{"line":497,"column":17},"end":{"line":497,"column":56}},{"start":{"line":497,"column":60},"end":{"line":497,"column":101}},{"start":{"line":497,"column":105},"end":{"line":497,"column":132}}],"line":497},"31":{"loc":{"start":{"line":510,"column":21},"end":{"line":511,"column":38}},"type":"cond-expr","locations":[{"start":{"line":511,"column":12},"end":{"line":511,"column":31}},{"start":{"line":511,"column":34},"end":{"line":511,"column":38}}],"line":510},"32":{"loc":{"start":{"line":510,"column":21},"end":{"line":510,"column":108}},"type":"binary-expr","locations":[{"start":{"line":510,"column":21},"end":{"line":510,"column":63}},{"start":{"line":510,"column":67},"end":{"line":510,"column":108}}],"line":510},"33":{"loc":{"start":{"line":514,"column":17},"end":{"line":514,"column":58}},"type":"cond-expr","locations":[{"start":{"line":514,"column":33},"end":{"line":514,"column":43}},{"start":{"line":514,"column":46},"end":{"line":514,"column":58}}],"line":514},"34":{"loc":{"start":{"line":544,"column":26},"end":{"line":544,"column":124}},"type":"cond-expr","locations":[{"start":{"line":544,"column":76},"end":{"line":544,"column":78}},{"start":{"line":544,"column":81},"end":{"line":544,"column":124}}],"line":544},"35":{"loc":{"start":{"line":589,"column":8},"end":{"line":591,"column":9}},"type":"if","locations":[{"start":{"line":589,"column":8},"end":{"line":591,"column":9}},{"start":{},"end":{}}],"line":589},"36":{"loc":{"start":{"line":616,"column":15},"end":{"line":616,"column":113}},"type":"binary-expr","locations":[{"start":{"line":616,"column":15},"end":{"line":616,"column":54}},{"start":{"line":616,"column":58},"end":{"line":616,"column":113}}],"line":616},"37":{"loc":{"start":{"line":639,"column":15},"end":{"line":639,"column":114}},"type":"binary-expr","locations":[{"start":{"line":639,"column":15},"end":{"line":639,"column":54}},{"start":{"line":639,"column":58},"end":{"line":639,"column":114}}],"line":639},"38":{"loc":{"start":{"line":663,"column":15},"end":{"line":663,"column":111}},"type":"binary-expr","locations":[{"start":{"line":663,"column":15},"end":{"line":663,"column":54}},{"start":{"line":663,"column":58},"end":{"line":663,"column":111}}],"line":663},"39":{"loc":{"start":{"line":690,"column":15},"end":{"line":690,"column":113}},"type":"binary-expr","locations":[{"start":{"line":690,"column":15},"end":{"line":690,"column":54}},{"start":{"line":690,"column":58},"end":{"line":690,"column":113}}],"line":690},"40":{"loc":{"start":{"line":717,"column":15},"end":{"line":717,"column":113}},"type":"binary-expr","locations":[{"start":{"line":717,"column":15},"end":{"line":717,"column":54}},{"start":{"line":717,"column":58},"end":{"line":717,"column":113}}],"line":717},"41":{"loc":{"start":{"line":744,"column":15},"end":{"line":744,"column":117}},"type":"binary-expr","locations":[{"start":{"line":744,"column":15},"end":{"line":744,"column":54}},{"start":{"line":744,"column":58},"end":{"line":744,"column":117}}],"line":744},"42":{"loc":{"start":{"line":770,"column":8},"end":{"line":778,"column":9}},"type":"switch","locations":[{"start":{"line":771,"column":12},"end":{"line":773,"column":22}},{"start":{"line":774,"column":12},"end":{"line":776,"column":22}}],"line":770},"43":{"loc":{"start":{"line":779,"column":8},"end":{"line":791,"column":9}},"type":"if","locations":[{"start":{"line":779,"column":8},"end":{"line":791,"column":9}},{"start":{},"end":{}}],"line":779},"44":{"loc":{"start":{"line":805,"column":8},"end":{"line":807,"column":9}},"type":"if","locations":[{"start":{"line":805,"column":8},"end":{"line":807,"column":9}},{"start":{},"end":{}}],"line":805},"45":{"loc":{"start":{"line":810,"column":8},"end":{"line":812,"column":9}},"type":"if","locations":[{"start":{"line":810,"column":8},"end":{"line":812,"column":9}},{"start":{},"end":{}}],"line":810},"46":{"loc":{"start":{"line":833,"column":8},"end":{"line":835,"column":9}},"type":"if","locations":[{"start":{"line":833,"column":8},"end":{"line":835,"column":9}},{"start":{},"end":{}}],"line":833},"47":{"loc":{"start":{"line":848,"column":29},"end":{"line":848,"column":103}},"type":"cond-expr","locations":[{"start":{"line":848,"column":79},"end":{"line":848,"column":81}},{"start":{"line":848,"column":84},"end":{"line":848,"column":103}}],"line":848},"48":{"loc":{"start":{"line":871,"column":17},"end":{"line":871,"column":89}},"type":"binary-expr","locations":[{"start":{"line":871,"column":17},"end":{"line":871,"column":58}},{"start":{"line":871,"column":62},"end":{"line":871,"column":89}}],"line":871},"49":{"loc":{"start":{"line":883,"column":8},"end":{"line":885,"column":9}},"type":"if","locations":[{"start":{"line":883,"column":8},"end":{"line":885,"column":9}},{"start":{},"end":{}}],"line":883},"50":{"loc":{"start":{"line":902,"column":15},"end":{"line":902,"column":105}},"type":"binary-expr","locations":[{"start":{"line":902,"column":15},"end":{"line":902,"column":54}},{"start":{"line":902,"column":58},"end":{"line":902,"column":105}}],"line":902},"51":{"loc":{"start":{"line":903,"column":12},"end":{"line":917,"column":13}},"type":"if","locations":[{"start":{"line":903,"column":12},"end":{"line":917,"column":13}},{"start":{},"end":{}}],"line":903},"52":{"loc":{"start":{"line":918,"column":12},"end":{"line":933,"column":13}},"type":"if","locations":[{"start":{"line":918,"column":12},"end":{"line":933,"column":13}},{"start":{},"end":{}}],"line":918},"53":{"loc":{"start":{"line":961,"column":8},"end":{"line":963,"column":9}},"type":"if","locations":[{"start":{"line":961,"column":8},"end":{"line":963,"column":9}},{"start":{},"end":{}}],"line":961},"54":{"loc":{"start":{"line":983,"column":8},"end":{"line":985,"column":9}},"type":"if","locations":[{"start":{"line":983,"column":8},"end":{"line":985,"column":9}},{"start":{},"end":{}}],"line":983},"55":{"loc":{"start":{"line":986,"column":8},"end":{"line":999,"column":9}},"type":"switch","locations":[{"start":{"line":987,"column":12},"end":{"line":988,"column":46}},{"start":{"line":989,"column":12},"end":{"line":990,"column":51}},{"start":{"line":991,"column":12},"end":{"line":992,"column":40}},{"start":{"line":993,"column":12},"end":{"line":994,"column":44}},{"start":{"line":995,"column":12},"end":{"line":996,"column":43}},{"start":{"line":997,"column":12},"end":{"line":998,"column":220}}],"line":986},"56":{"loc":{"start":{"line":1078,"column":8},"end":{"line":1089,"column":9}},"type":"switch","locations":[{"start":{"line":1079,"column":12},"end":{"line":1080,"column":45}},{"start":{"line":1081,"column":12},"end":{"line":1082,"column":44}},{"start":{"line":1083,"column":12},"end":{"line":1084,"column":64}},{"start":{"line":1085,"column":12},"end":{"line":1086,"column":64}},{"start":{"line":1087,"column":12},"end":{"line":1088,"column":42}}],"line":1078},"57":{"loc":{"start":{"line":1109,"column":8},"end":{"line":1116,"column":9}},"type":"if","locations":[{"start":{"line":1109,"column":8},"end":{"line":1116,"column":9}},{"start":{},"end":{}}],"line":1109},"58":{"loc":{"start":{"line":1119,"column":17},"end":{"line":1119,"column":132}},"type":"binary-expr","locations":[{"start":{"line":1119,"column":17},"end":{"line":1119,"column":56}},{"start":{"line":1119,"column":60},"end":{"line":1119,"column":101}},{"start":{"line":1119,"column":105},"end":{"line":1119,"column":132}}],"line":1119}},"s":{"0":55,"1":55,"2":95,"3":95,"4":95,"5":94,"6":92,"7":6,"8":92,"9":94,"10":977,"11":900,"12":900,"13":935,"14":127,"15":125,"16":109,"17":125,"18":236,"19":234,"20":121,"21":234,"22":253,"23":2,"24":251,"25":5,"26":5,"27":106,"28":106,"29":7,"30":22,"31":5,"32":12,"33":19,"34":5,"35":3,"36":2,"37":4,"38":61,"39":19,"40":19,"41":19,"42":19,"43":19,"44":19,"45":19,"46":10,"47":10,"48":6,"49":6,"50":62,"51":35,"52":27,"53":6,"54":39,"55":12,"56":39,"57":39,"58":27,"59":39,"60":39,"61":39,"62":39,"63":39,"64":2,"65":2,"66":6,"67":2,"68":5,"69":5,"70":5,"71":5,"72":3,"73":5,"74":1,"75":5,"76":3,"77":3,"78":3,"79":3,"80":3,"81":3,"82":4,"83":4,"84":4,"85":4,"86":4,"87":4,"88":4,"89":4,"90":4,"91":4,"92":3,"93":2,"94":1,"95":2,"96":2,"97":2,"98":2,"99":2,"100":2,"101":2,"102":7,"103":7,"104":7,"105":7,"106":7,"107":7,"108":7,"109":1,"110":1,"111":7,"112":67,"113":67,"114":64,"115":64,"116":13,"117":2,"118":2,"119":2,"120":5,"121":5,"122":5,"123":5,"124":7,"125":7,"126":9,"127":7,"128":9,"129":9,"130":9,"131":9,"132":7,"133":7,"134":61,"135":61,"136":61,"137":61,"138":61,"139":59,"140":59,"141":89,"142":122,"143":122,"144":106,"145":16,"146":14,"147":14,"148":122,"149":122,"150":1,"151":1,"152":1,"153":122,"154":123,"155":123,"156":2,"157":2,"158":2,"159":123,"160":125,"161":125,"162":12,"163":12,"164":12,"165":125,"166":137,"167":137,"168":9,"169":9,"170":9,"171":137,"172":146,"173":146,"174":5,"175":5,"176":5,"177":146,"178":151,"179":151,"180":3,"181":3,"182":3,"183":151,"184":158,"185":2,"186":2,"187":2,"188":2,"189":158,"190":4,"191":4,"192":154,"193":154,"194":2,"195":152,"196":152,"197":4,"198":148,"199":7,"200":7,"201":7,"202":1,"203":7,"204":9,"205":9,"206":9,"207":9,"208":5,"209":5,"210":12,"211":5,"212":12,"213":12,"214":12,"215":12,"216":154,"217":154,"218":7,"219":3,"220":3,"221":3,"222":7,"223":4,"224":4,"225":4,"226":4,"227":154,"228":151,"229":151,"230":16,"231":8,"232":8,"233":167,"234":90,"235":77,"236":7,"237":1,"238":65,"239":2,"240":2,"241":0,"242":2,"243":2,"244":2,"245":2,"246":2,"247":2,"248":2,"249":2,"250":1,"251":1,"252":1,"253":1,"254":90,"255":70,"256":8,"257":6,"258":4,"259":2,"260":7,"261":7,"262":7,"263":2,"264":2,"265":5,"266":13,"267":5,"268":5,"269":10,"270":10,"271":2,"272":2,"273":70,"274":70,"275":8,"276":8},"f":{"0":55,"1":95,"2":94,"3":977,"4":935,"5":127,"6":236,"7":253,"8":19,"9":10,"10":6,"11":39,"12":2,"13":5,"14":3,"15":4,"16":3,"17":2,"18":7,"19":67,"20":2,"21":5,"22":7,"23":9,"24":7,"25":61,"26":61,"27":89,"28":122,"29":122,"30":123,"31":125,"32":137,"33":146,"34":151,"35":158,"36":154,"37":7,"38":9,"39":5,"40":12,"41":154,"42":151,"43":16,"44":167,"45":2,"46":2,"47":2,"48":1,"49":90,"50":7,"51":10,"52":2,"53":70,"54":8},"b":{"0":[55],"1":[6,86],"2":[94],"3":[234,142],"4":[121,113],"5":[2,251],"6":[5,106,7,22,5,12,19,5,3,2,4,61],"7":[10,9],"8":[13,6],"9":[35,27],"10":[12],"11":[12,27],"12":[27,12],"13":[37,2],"14":[6,4],"15":[1,4],"16":[5,5],"17":[3,2],"18":[1,4],"19":[1,3],"20":[1,3],"21":[1,3],"22":[3,1],"23":[3,1],"24":[3,1],"25":[2,1],"26":[1,6],"27":[7,7],"28":[6,1],"29":[2,0],"30":[9,9,2],"31":[7,2],"32":[9,8],"33":[2,7],"34":[28,33],"35":[106,16],"36":[123,110],"37":[125,112],"38":[137,124],"39":[146,133],"40":[151,138],"41":[154,141],"42":[2,2],"43":[4,154],"44":[2,152],"45":[4,148],"46":[1,6],"47":[4,5],"48":[12,7],"49":[12,0],"50":[161,158],"51":[3,4],"52":[4,3],"53":[8,8],"54":[90,77],"55":[7,1,65,2,2,0],"56":[70,8,6,4,2],"57":[2,5],"58":[13,13,8]},"_coverageSchema":"1a1c01bbd47fc00a2c39e90264f33305004495a9","hash":"a26e5957ad359e014c30f97a14de3057935a37e7"}
,"/home/alivesurfin/uni2/code_quality/development/code/parsing/parser/parser-error.js": {"path":"/home/alivesurfin/uni2/code_quality/development/code/parsing/parser/parser-error.js","statementMap":{"0":{"start":{"line":16,"column":8},"end":{"line":16,"column":22}},"1":{"start":{"line":17,"column":8},"end":{"line":17,"column":27}}},"fnMap":{"0":{"name":"(anonymous_0)","decl":{"start":{"line":15,"column":4},"end":{"line":15,"column":5}},"loc":{"start":{"line":15,"column":32},"end":{"line":18,"column":5}},"line":15}},"branchMap":{},"s":{"0":80,"1":80},"f":{"0":80},"b":{},"_coverageSchema":"1a1c01bbd47fc00a2c39e90264f33305004495a9","hash":"e788b7adc0caa7be489bc2f68ce556daf55aa752"}
,"/home/alivesurfin/uni2/code_quality/development/code/parsing/parser/parser-helper.js": {"path":"/home/alivesurfin/uni2/code_quality/development/code/parsing/parser/parser-helper.js","statementMap":{"0":{"start":{"line":16,"column":4},"end":{"line":21,"column":35}},"1":{"start":{"line":31,"column":4},"end":{"line":33,"column":5}},"2":{"start":{"line":32,"column":8},"end":{"line":32,"column":19}},"3":{"start":{"line":34,"column":4},"end":{"line":34,"column":148}},"4":{"start":{"line":43,"column":4},"end":{"line":43,"column":102}},"5":{"start":{"line":52,"column":4},"end":{"line":61,"column":5}},"6":{"start":{"line":54,"column":12},"end":{"line":54,"column":24}},"7":{"start":{"line":56,"column":12},"end":{"line":56,"column":25}},"8":{"start":{"line":72,"column":4},"end":{"line":72,"column":75}}},"fnMap":{"0":{"name":"isLiteral","decl":{"start":{"line":15,"column":16},"end":{"line":15,"column":25}},"loc":{"start":{"line":15,"column":32},"end":{"line":22,"column":1}},"line":15},"1":{"name":"isValidAssignmentTarget","decl":{"start":{"line":30,"column":16},"end":{"line":30,"column":39}},"loc":{"start":{"line":30,"column":46},"end":{"line":35,"column":1}},"line":30},"2":{"name":"isAssignmentOperator","decl":{"start":{"line":42,"column":16},"end":{"line":42,"column":36}},"loc":{"start":{"line":42,"column":43},"end":{"line":44,"column":1}},"line":42},"3":{"name":"BooleanTypeToValue","decl":{"start":{"line":51,"column":16},"end":{"line":51,"column":34}},"loc":{"start":{"line":51,"column":41},"end":{"line":62,"column":1}},"line":51},"4":{"name":"isEndOfStatementType","decl":{"start":{"line":71,"column":16},"end":{"line":71,"column":36}},"loc":{"start":{"line":71,"column":43},"end":{"line":73,"column":1}},"line":71}},"branchMap":{"0":{"loc":{"start":{"line":16,"column":11},"end":{"line":21,"column":34}},"type":"binary-expr","locations":[{"start":{"line":16,"column":11},"end":{"line":16,"column":35}},{"start":{"line":17,"column":8},"end":{"line":17,"column":35}},{"start":{"line":18,"column":8},"end":{"line":18,"column":35}},{"start":{"line":19,"column":8},"end":{"line":19,"column":33}},{"start":{"line":20,"column":8},"end":{"line":20,"column":34}},{"start":{"line":21,"column":8},"end":{"line":21,"column":33}}],"line":16},"1":{"loc":{"start":{"line":31,"column":4},"end":{"line":33,"column":5}},"type":"if","locations":[{"start":{"line":31,"column":4},"end":{"line":33,"column":5}},{"start":{},"end":{}}],"line":31},"2":{"loc":{"start":{"line":31,"column":8},"end":{"line":31,"column":86}},"type":"binary-expr","locations":[{"start":{"line":31,"column":8},"end":{"line":31,"column":42}},{"start":{"line":31,"column":46},"end":{"line":31,"column":86}}],"line":31},"3":{"loc":{"start":{"line":43,"column":11},"end":{"line":43,"column":101}},"type":"binary-expr","locations":[{"start":{"line":43,"column":11},"end":{"line":43,"column":51}},{"start":{"line":43,"column":55},"end":{"line":43,"column":101}}],"line":43},"4":{"loc":{"start":{"line":52,"column":4},"end":{"line":61,"column":5}},"type":"switch","locations":[{"start":{"line":53,"column":8},"end":{"line":54,"column":24}},{"start":{"line":55,"column":8},"end":{"line":56,"column":25}}],"line":52},"5":{"loc":{"start":{"line":72,"column":11},"end":{"line":72,"column":74}},"type":"binary-expr","locations":[{"start":{"line":72,"column":11},"end":{"line":72,"column":42}},{"start":{"line":72,"column":46},"end":{"line":72,"column":74}}],"line":72}},"s":{"0":167,"1":16,"2":14,"3":2,"4":122,"5":10,"6":6,"7":4,"8":14},"f":{"0":167,"1":16,"2":122,"3":10,"4":14},"b":{"0":[167,167,97,89,83,79],"1":[14,2],"2":[16,4],"3":[122,114],"4":[6,4],"5":[14,13]},"_coverageSchema":"1a1c01bbd47fc00a2c39e90264f33305004495a9","hash":"03a132fe52451216d8d41b1178019ef64f9e8faa"}
,"/home/alivesurfin/uni2/code_quality/development/code/parsing/parser/ASTNode/ASTNode.js": {"path":"/home/alivesurfin/uni2/code_quality/development/code/parsing/parser/ASTNode/ASTNode.js","statementMap":{"0":{"start":{"line":3,"column":4},"end":{"line":7,"column":5}}},"fnMap":{"0":{"name":"ASTNode","decl":{"start":{"line":1,"column":24},"end":{"line":1,"column":31}},"loc":{"start":{"line":1,"column":61},"end":{"line":9,"column":1}},"line":1}},"branchMap":{"0":{"loc":{"start":{"line":1,"column":32},"end":{"line":1,"column":59}},"type":"default-arg","locations":[{"start":{"line":1,"column":57},"end":{"line":1,"column":59}}],"line":1}},"s":{"0":78},"f":{"0":78},"b":{"0":[0]},"_coverageSchema":"1a1c01bbd47fc00a2c39e90264f33305004495a9","hash":"5021c62a71478ece78ffe7f94d95940731036799"}
,"/home/alivesurfin/uni2/code_quality/development/code/parsing/tokenizer/TOKEN_CONST_TYPES.js": {"path":"/home/alivesurfin/uni2/code_quality/development/code/parsing/tokenizer/TOKEN_CONST_TYPES.js","statementMap":{"0":{"start":{"line":10,"column":20},"end":{"line":54,"column":1}}},"fnMap":{},"branchMap":{},"s":{"0":26},"f":{},"b":{},"_coverageSchema":"1a1c01bbd47fc00a2c39e90264f33305004495a9","hash":"d3da3403f6da2aa08f4ed8ba39d6f675b213decd"}
,"/home/alivesurfin/uni2/code_quality/development/code/parsing/tokenizer/Tokenizer.js": {"path":"/home/alivesurfin/uni2/code_quality/development/code/parsing/tokenizer/Tokenizer.js","statementMap":{"0":{"start":{"line":41,"column":8},"end":{"line":41,"column":28}},"1":{"start":{"line":42,"column":8},"end":{"line":42,"column":24}},"2":{"start":{"line":43,"column":8},"end":{"line":43,"column":21}},"3":{"start":{"line":44,"column":8},"end":{"line":44,"column":22}},"4":{"start":{"line":45,"column":8},"end":{"line":45,"column":27}},"5":{"start":{"line":62,"column":8},"end":{"line":66,"column":9}},"6":{"start":{"line":75,"column":8},"end":{"line":75,"column":48}},"7":{"start":{"line":86,"column":24},"end":{"line":86,"column":37}},"8":{"start":{"line":87,"column":8},"end":{"line":89,"column":9}},"9":{"start":{"line":88,"column":12},"end":{"line":88,"column":23}},"10":{"start":{"line":90,"column":8},"end":{"line":90,"column":41}},"11":{"start":{"line":91,"column":8},"end":{"line":91,"column":25}},"12":{"start":{"line":99,"column":8},"end":{"line":99,"column":29}},"13":{"start":{"line":100,"column":8},"end":{"line":100,"column":27}},"14":{"start":{"line":108,"column":8},"end":{"line":108,"column":38}},"15":{"start":{"line":109,"column":8},"end":{"line":116,"column":11}},"16":{"start":{"line":110,"column":12},"end":{"line":115,"column":13}},"17":{"start":{"line":111,"column":16},"end":{"line":111,"column":28}},"18":{"start":{"line":112,"column":16},"end":{"line":112,"column":29}},"19":{"start":{"line":114,"column":16},"end":{"line":114,"column":27}},"20":{"start":{"line":127,"column":8},"end":{"line":129,"column":9}},"21":{"start":{"line":128,"column":12},"end":{"line":128,"column":99}},"22":{"start":{"line":130,"column":20},"end":{"line":130,"column":50}},"23":{"start":{"line":131,"column":20},"end":{"line":131,"column":35}},"24":{"start":{"line":133,"column":8},"end":{"line":179,"column":9}},"25":{"start":{"line":135,"column":31},"end":{"line":135,"column":60}},"26":{"start":{"line":138,"column":12},"end":{"line":140,"column":13}},"27":{"start":{"line":139,"column":16},"end":{"line":139,"column":24}},"28":{"start":{"line":142,"column":12},"end":{"line":145,"column":13}},"29":{"start":{"line":143,"column":16},"end":{"line":143,"column":28}},"30":{"start":{"line":144,"column":16},"end":{"line":144,"column":29}},"31":{"start":{"line":147,"column":12},"end":{"line":152,"column":13}},"32":{"start":{"line":148,"column":16},"end":{"line":150,"column":17}},"33":{"start":{"line":149,"column":20},"end":{"line":149,"column":34}},"34":{"start":{"line":151,"column":16},"end":{"line":151,"column":34}},"35":{"start":{"line":153,"column":12},"end":{"line":160,"column":13}},"36":{"start":{"line":154,"column":16},"end":{"line":158,"column":18}},"37":{"start":{"line":159,"column":16},"end":{"line":159,"column":34}},"38":{"start":{"line":161,"column":12},"end":{"line":169,"column":13}},"39":{"start":{"line":162,"column":16},"end":{"line":162,"column":48}},"40":{"start":{"line":163,"column":16},"end":{"line":167,"column":18}},"41":{"start":{"line":168,"column":16},"end":{"line":168,"column":34}},"42":{"start":{"line":170,"column":12},"end":{"line":173,"column":13}},"43":{"start":{"line":171,"column":16},"end":{"line":171,"column":48}},"44":{"start":{"line":172,"column":16},"end":{"line":172,"column":42}},"45":{"start":{"line":174,"column":12},"end":{"line":178,"column":13}},"46":{"start":{"line":181,"column":8},"end":{"line":181,"column":172}}},"fnMap":{"0":{"name":"(anonymous_0)","decl":{"start":{"line":40,"column":4},"end":{"line":40,"column":5}},"loc":{"start":{"line":40,"column":18},"end":{"line":46,"column":5}},"line":40},"1":{"name":"(anonymous_1)","decl":{"start":{"line":52,"column":4},"end":{"line":52,"column":5}},"loc":{"start":{"line":52,"column":12},"end":{"line":55,"column":5}},"line":52},"2":{"name":"(anonymous_2)","decl":{"start":{"line":61,"column":4},"end":{"line":61,"column":5}},"loc":{"start":{"line":61,"column":15},"end":{"line":67,"column":5}},"line":61},"3":{"name":"(anonymous_3)","decl":{"start":{"line":74,"column":4},"end":{"line":74,"column":5}},"loc":{"start":{"line":74,"column":20},"end":{"line":76,"column":5}},"line":74},"4":{"name":"(anonymous_4)","decl":{"start":{"line":85,"column":4},"end":{"line":85,"column":5}},"loc":{"start":{"line":85,"column":26},"end":{"line":92,"column":5}},"line":85},"5":{"name":"(anonymous_5)","decl":{"start":{"line":98,"column":4},"end":{"line":98,"column":5}},"loc":{"start":{"line":98,"column":22},"end":{"line":101,"column":5}},"line":98},"6":{"name":"(anonymous_6)","decl":{"start":{"line":107,"column":4},"end":{"line":107,"column":5}},"loc":{"start":{"line":107,"column":32},"end":{"line":117,"column":5}},"line":107},"7":{"name":"(anonymous_7)","decl":{"start":{"line":109,"column":37},"end":{"line":109,"column":38}},"loc":{"start":{"line":109,"column":43},"end":{"line":116,"column":9}},"line":109},"8":{"name":"(anonymous_8)","decl":{"start":{"line":126,"column":4},"end":{"line":126,"column":5}},"loc":{"start":{"line":126,"column":11},"end":{"line":182,"column":5}},"line":126}},"branchMap":{"0":{"loc":{"start":{"line":87,"column":8},"end":{"line":89,"column":9}},"type":"if","locations":[{"start":{"line":87,"column":8},"end":{"line":89,"column":9}},{"start":{},"end":{}}],"line":87},"1":{"loc":{"start":{"line":110,"column":12},"end":{"line":115,"column":13}},"type":"if","locations":[{"start":{"line":110,"column":12},"end":{"line":115,"column":13}},{"start":{"line":113,"column":19},"end":{"line":115,"column":13}}],"line":110},"2":{"loc":{"start":{"line":127,"column":8},"end":{"line":129,"column":9}},"type":"if","locations":[{"start":{"line":127,"column":8},"end":{"line":129,"column":9}},{"start":{},"end":{}}],"line":127},"3":{"loc":{"start":{"line":138,"column":12},"end":{"line":140,"column":13}},"type":"if","locations":[{"start":{"line":138,"column":12},"end":{"line":140,"column":13}},{"start":{},"end":{}}],"line":138},"4":{"loc":{"start":{"line":142,"column":12},"end":{"line":145,"column":13}},"type":"if","locations":[{"start":{"line":142,"column":12},"end":{"line":145,"column":13}},{"start":{},"end":{}}],"line":142},"5":{"loc":{"start":{"line":147,"column":12},"end":{"line":152,"column":13}},"type":"if","locations":[{"start":{"line":147,"column":12},"end":{"line":152,"column":13}},{"start":{},"end":{}}],"line":147},"6":{"loc":{"start":{"line":148,"column":16},"end":{"line":150,"column":17}},"type":"if","locations":[{"start":{"line":148,"column":16},"end":{"line":150,"column":17}},{"start":{},"end":{}}],"line":148},"7":{"loc":{"start":{"line":153,"column":12},"end":{"line":160,"column":13}},"type":"if","locations":[{"start":{"line":153,"column":12},"end":{"line":160,"column":13}},{"start":{},"end":{}}],"line":153},"8":{"loc":{"start":{"line":161,"column":12},"end":{"line":169,"column":13}},"type":"if","locations":[{"start":{"line":161,"column":12},"end":{"line":169,"column":13}},{"start":{},"end":{}}],"line":161},"9":{"loc":{"start":{"line":170,"column":12},"end":{"line":173,"column":13}},"type":"if","locations":[{"start":{"line":170,"column":12},"end":{"line":173,"column":13}},{"start":{},"end":{}}],"line":170}},"s":{"0":95,"1":95,"2":95,"3":95,"4":95,"5":3236,"6":2122,"7":17560,"8":17560,"9":15544,"10":2016,"11":2016,"12":2016,"13":2016,"14":12,"15":12,"16":216,"17":3,"18":3,"19":213,"20":2122,"21":105,"22":2017,"23":2017,"24":2017,"25":17560,"26":17560,"27":15544,"28":2016,"29":144,"30":144,"31":2016,"32":1085,"33":1,"34":1085,"35":931,"36":3,"37":3,"38":928,"39":4,"40":4,"41":4,"42":924,"43":8,"44":8,"45":924,"46":1},"f":{"0":95,"1":0,"2":3236,"3":2122,"4":17560,"5":2016,"6":12,"7":216,"8":2122},"b":{"0":[15544,2016],"1":[3,213],"2":[105,2017],"3":[15544,2016],"4":[144,1872],"5":[1085,931],"6":[1,1084],"7":[3,928],"8":[4,924],"9":[8,916]},"_coverageSchema":"1a1c01bbd47fc00a2c39e90264f33305004495a9","hash":"80213abe3c6d291d27ef8655a01fb2ebe1f348fc"}
,"/home/alivesurfin/uni2/code_quality/development/code/parsing/tokenizer/tokenHierarchy.js": {"path":"/home/alivesurfin/uni2/code_quality/development/code/parsing/tokenizer/tokenHierarchy.js","statementMap":{"0":{"start":{"line":12,"column":19},"end":{"line":62,"column":1}}},"fnMap":{},"branchMap":{},"s":{"0":26},"f":{},"b":{},"_coverageSchema":"1a1c01bbd47fc00a2c39e90264f33305004495a9","hash":"2a003f60edd68bacacdb530ffc2ae9202d9b0af3"}
}
