TN:
SF:parsing/evaluate/evaluate.js
FN:14,Evaluate
FN:39,(anonymous_1)
FN:58,(anonymous_2)
FN:59,(anonymous_3)
FN:91,(anonymous_4)
FN:94,(anonymous_5)
FN:96,(anonymous_6)
FN:100,(anonymous_7)
FN:114,(anonymous_8)
FN:129,(anonymous_9)
FNF:10
FNH:10
FNDA:30,Evaluate
FNDA:29,(anonymous_1)
FNDA:29,(anonymous_2)
FNDA:14,(anonymous_3)
FNDA:84,(anonymous_4)
FNDA:5,(anonymous_5)
FNDA:41,(anonymous_6)
FNDA:25,(anonymous_7)
FNDA:15,(anonymous_8)
FNDA:34,(anonymous_9)
DA:15,30
DA:17,30
DA:18,30
DA:19,30
DA:20,30
DA:22,1
DA:24,30
DA:25,1
DA:27,29
DA:28,29
DA:40,29
DA:41,29
DA:42,29
DA:43,29
DA:44,29
DA:45,29
DA:46,29
DA:59,29
DA:60,14
DA:61,14
DA:62,14
DA:63,1
DA:65,14
DA:66,14
DA:67,14
DA:68,22
DA:69,1
DA:74,1
DA:75,1
DA:77,21
DA:78,21
DA:80,14
DA:81,1
DA:83,14
DA:92,84
DA:94,9
DA:96,41
DA:97,38
DA:99,15
DA:100,25
DA:101,15
DA:103,9
DA:104,9
DA:105,9
DA:115,15
DA:116,15
DA:117,1
DA:118,1
DA:121,14
DA:131,34
DA:132,34
DA:133,34
DA:134,1
DA:136,34
DA:137,34
DA:138,34
DA:139,34
DA:140,1
DA:143,34
DA:144,25
DA:145,1
DA:147,24
DA:150,9
DA:151,1
DA:153,8
LF:65
LH:65
BRDA:24,0,0,1
BRDA:24,0,1,29
BRDA:62,1,0,1
BRDA:62,1,1,13
BRDA:68,2,0,1
BRDA:68,2,1,21
BRDA:80,3,0,1
BRDA:80,3,1,13
BRDA:92,4,0,9
BRDA:92,4,1,38
BRDA:92,4,2,15
BRDA:92,4,3,9
BRDA:92,4,4,22
BRDA:116,5,0,1
BRDA:116,5,1,14
BRDA:121,6,0,9
BRDA:121,6,1,5
BRDA:129,7,0,9
BRDA:133,8,0,1
BRDA:133,8,1,33
BRDA:139,9,0,1
BRDA:139,9,1,33
BRDA:143,10,0,25
BRDA:143,10,1,9
BRDA:144,11,0,1
BRDA:144,11,1,24
BRDA:150,12,0,1
BRDA:150,12,1,8
BRF:28
BRH:28
end_of_record
TN:
SF:parsing/evaluate/complexity/cyclomatic.js
FN:14,(anonymous_0)
FN:29,(anonymous_1)
FNF:2
FNH:2
FNDA:34,(anonymous_0)
FNDA:14,(anonymous_1)
DA:15,34
DA:16,34
DA:17,4
DA:18,4
DA:19,1
DA:30,14
DA:31,3
DA:33,11
DA:35,2
DA:39,1
DA:40,1
DA:42,4
DA:43,3
DA:44,1
DA:47,3
DA:49,3
DA:50,3
DA:51,3
DA:52,3
DA:54,1
LF:20
LH:20
BRDA:18,0,0,1
BRDA:18,0,1,3
BRDA:30,1,0,3
BRDA:30,1,1,11
BRDA:33,2,0,2
BRDA:33,2,1,1
BRDA:33,2,2,1
BRDA:33,2,3,1
BRDA:33,2,4,4
BRDA:33,2,5,3
BRDA:33,2,6,1
BRDA:43,3,0,1
BRDA:43,3,1,2
BRF:13
BRH:13
end_of_record
TN:
SF:parsing/evaluate/complexity/halstead.js
FN:4,(anonymous_0)
FN:6,(anonymous_1)
FN:16,(anonymous_2)
FN:42,(anonymous_3)
FN:49,(anonymous_4)
FN:56,(anonymous_5)
FN:63,(anonymous_6)
FN:70,(anonymous_7)
FN:115,(anonymous_8)
FN:139,(anonymous_9)
FN:159,(anonymous_10)
FN:169,(anonymous_11)
FN:198,(anonymous_12)
FN:211,(anonymous_13)
FNF:14
FNH:14
FNDA:64,(anonymous_0)
FNDA:63,(anonymous_1)
FNDA:64,(anonymous_2)
FNDA:161,(anonymous_3)
FNDA:401,(anonymous_4)
FNDA:342,(anonymous_5)
FNDA:36,(anonymous_6)
FNDA:20,(anonymous_7)
FNDA:5,(anonymous_8)
FNDA:3,(anonymous_9)
FNDA:2,(anonymous_10)
FNDA:3,(anonymous_11)
FNDA:8,(anonymous_12)
FNDA:25,(anonymous_13)
DA:7,63
DA:8,63
DA:9,63
DA:10,63
DA:11,63
DA:12,63
DA:13,63
DA:14,63
DA:17,64
DA:18,64
DA:19,64
DA:20,64
DA:21,64
DA:22,64
DA:23,64
DA:24,64
DA:25,64
DA:43,161
DA:44,135
DA:45,135
DA:47,161
DA:50,401
DA:51,248
DA:52,248
DA:54,401
DA:57,342
DA:58,10
DA:61,332
DA:63,29
DA:64,36
DA:66,29
DA:68,82
DA:69,82
DA:70,82
DA:71,20
DA:73,82
DA:75,52
DA:76,52
DA:78,4
DA:79,4
DA:81,4
DA:82,4
DA:83,4
DA:84,4
DA:85,4
DA:86,4
DA:88,1
DA:89,1
DA:90,1
DA:91,1
DA:92,1
DA:93,1
DA:94,1
DA:96,8
DA:97,8
DA:98,8
DA:99,8
DA:101,11
DA:102,11
DA:104,1
DA:105,1
DA:106,1
DA:107,1
DA:108,1
DA:109,1
DA:110,1
DA:111,1
DA:112,1
DA:113,1
DA:115,4
DA:116,5
DA:117,5
DA:118,1
DA:121,4
DA:127,18
DA:128,18
DA:129,18
DA:130,18
DA:132,1
DA:133,1
DA:134,1
DA:136,2
DA:137,2
DA:138,2
DA:139,2
DA:140,3
DA:141,3
DA:142,2
DA:145,2
DA:147,2
DA:148,2
DA:149,2
DA:150,1
DA:151,1
DA:153,1
DA:155,2
DA:157,1
DA:158,1
DA:159,1
DA:160,2
DA:161,2
DA:162,1
DA:165,1
DA:167,1
DA:168,1
DA:169,1
DA:170,3
DA:171,3
DA:172,2
DA:175,1
DA:177,1
DA:178,1
DA:180,5
DA:181,5
DA:183,1
DA:184,1
DA:186,15
DA:187,15
DA:189,1
DA:191,6
DA:192,6
DA:193,6
DA:195,68
DA:196,68
DA:197,68
DA:198,68
DA:199,8
DA:201,68
DA:202,68
DA:204,15
DA:205,15
DA:206,9
DA:207,9
DA:209,15
DA:210,15
DA:211,25
DA:212,15
DA:215,0
LF:138
LH:137
BRDA:32,0,0,63
BRDA:32,0,1,1
BRDA:33,1,0,63
BRDA:33,1,1,1
BRDA:34,2,0,56
BRDA:34,2,1,8
BRDA:35,3,0,63
BRDA:35,3,1,1
BRDA:36,4,0,59
BRDA:36,4,1,5
BRDA:37,5,0,59
BRDA:37,5,1,5
BRDA:38,6,0,59
BRDA:38,6,1,5
BRDA:39,7,0,63
BRDA:39,7,1,1
BRDA:43,8,0,135
BRDA:43,8,1,26
BRDA:50,9,0,248
BRDA:50,9,1,153
BRDA:57,10,0,10
BRDA:57,10,1,332
BRDA:61,11,0,29
BRDA:61,11,1,82
BRDA:61,11,2,52
BRDA:61,11,3,4
BRDA:61,11,4,4
BRDA:61,11,5,1
BRDA:61,11,6,8
BRDA:61,11,7,11
BRDA:61,11,8,1
BRDA:61,11,9,4
BRDA:61,11,10,0
BRDA:61,11,11,8
BRDA:61,11,12,13
BRDA:61,11,13,18
BRDA:61,11,14,1
BRDA:61,11,15,2
BRDA:61,11,16,2
BRDA:61,11,17,1
BRDA:61,11,18,1
BRDA:61,11,19,1
BRDA:61,11,20,5
BRDA:61,11,21,1
BRDA:61,11,22,15
BRDA:61,11,23,1
BRDA:61,11,24,6
BRDA:61,11,25,68
BRDA:61,11,26,15
BRDA:61,11,27,0
BRDA:117,12,0,1
BRDA:117,12,1,4
BRDA:141,13,0,2
BRDA:141,13,1,1
BRDA:149,14,0,1
BRDA:149,14,1,1
BRDA:161,15,0,1
BRDA:161,15,1,1
BRDA:171,16,0,2
BRDA:171,16,1,1
BRDA:205,17,0,9
BRDA:205,17,1,6
BRF:62
BRH:60
end_of_record
TN:
SF:parsing/parser/AST_CONST_TYPES.js
FNF:0
FNH:0
DA:7,27
LF:1
LH:1
BRF:0
BRH:0
end_of_record
TN:
SF:parsing/parser/Parser.js
FN:20,(anonymous_0)
FN:38,(anonymous_1)
FN:55,(anonymous_2)
FN:68,(anonymous_3)
FN:82,(anonymous_4)
FN:93,(anonymous_5)
FN:106,(anonymous_6)
FN:131,(anonymous_7)
FN:174,(anonymous_8)
FN:200,(anonymous_9)
FN:212,(anonymous_10)
FN:233,(anonymous_11)
FN:267,(anonymous_12)
FN:283,(anonymous_13)
FN:310,(anonymous_14)
FN:333,(anonymous_15)
FN:365,(anonymous_16)
FN:378,(anonymous_17)
FN:404,(anonymous_18)
FN:432,(anonymous_19)
FN:452,(anonymous_20)
FN:471,(anonymous_21)
FN:491,(anonymous_22)
FN:508,(anonymous_23)
FN:530,(anonymous_24)
FN:541,(anonymous_25)
FN:562,(anonymous_26)
FN:576,(anonymous_27)
FN:587,(anonymous_28)
FN:614,(anonymous_29)
FN:637,(anonymous_30)
FN:660,(anonymous_31)
FN:687,(anonymous_32)
FN:714,(anonymous_33)
FN:742,(anonymous_34)
FN:768,(anonymous_35)
FN:804,(anonymous_36)
FN:825,(anonymous_37)
FN:846,(anonymous_38)
FN:867,(anonymous_39)
FN:881,(anonymous_40)
FN:900,(anonymous_41)
FN:943,(anonymous_42)
FN:960,(anonymous_43)
FN:982,(anonymous_44)
FN:1008,(anonymous_45)
FN:1029,(anonymous_46)
FN:1042,(anonymous_47)
FN:1056,(anonymous_48)
FN:1077,(anonymous_49)
FN:1106,(anonymous_50)
FN:1135,(anonymous_51)
FN:1150,(anonymous_52)
FN:1164,(anonymous_53)
FN:1175,(anonymous_54)
FNF:55
FNH:55
FNDA:55,(anonymous_0)
FNDA:95,(anonymous_1)
FNDA:94,(anonymous_2)
FNDA:977,(anonymous_3)
FNDA:935,(anonymous_4)
FNDA:127,(anonymous_5)
FNDA:236,(anonymous_6)
FNDA:253,(anonymous_7)
FNDA:19,(anonymous_8)
FNDA:10,(anonymous_9)
FNDA:6,(anonymous_10)
FNDA:39,(anonymous_11)
FNDA:2,(anonymous_12)
FNDA:5,(anonymous_13)
FNDA:3,(anonymous_14)
FNDA:4,(anonymous_15)
FNDA:3,(anonymous_16)
FNDA:2,(anonymous_17)
FNDA:7,(anonymous_18)
FNDA:67,(anonymous_19)
FNDA:2,(anonymous_20)
FNDA:5,(anonymous_21)
FNDA:7,(anonymous_22)
FNDA:9,(anonymous_23)
FNDA:7,(anonymous_24)
FNDA:61,(anonymous_25)
FNDA:61,(anonymous_26)
FNDA:89,(anonymous_27)
FNDA:122,(anonymous_28)
FNDA:122,(anonymous_29)
FNDA:123,(anonymous_30)
FNDA:125,(anonymous_31)
FNDA:137,(anonymous_32)
FNDA:146,(anonymous_33)
FNDA:151,(anonymous_34)
FNDA:158,(anonymous_35)
FNDA:154,(anonymous_36)
FNDA:7,(anonymous_37)
FNDA:9,(anonymous_38)
FNDA:5,(anonymous_39)
FNDA:12,(anonymous_40)
FNDA:154,(anonymous_41)
FNDA:151,(anonymous_42)
FNDA:16,(anonymous_43)
FNDA:167,(anonymous_44)
FNDA:2,(anonymous_45)
FNDA:2,(anonymous_46)
FNDA:2,(anonymous_47)
FNDA:1,(anonymous_48)
FNDA:90,(anonymous_49)
FNDA:7,(anonymous_50)
FNDA:10,(anonymous_51)
FNDA:2,(anonymous_52)
FNDA:70,(anonymous_53)
FNDA:8,(anonymous_54)
DA:21,55
DA:22,55
DA:39,95
DA:40,95
DA:41,95
DA:42,94
DA:43,92
DA:44,6
DA:46,92
DA:56,94
DA:69,977
DA:75,900
DA:76,900
DA:83,935
DA:94,127
DA:95,125
DA:96,109
DA:98,125
DA:107,236
DA:108,234
DA:109,121
DA:111,234
DA:132,253
DA:133,2
DA:135,251
DA:137,5
DA:138,5
DA:140,106
DA:141,106
DA:143,7
DA:145,22
DA:147,5
DA:149,12
DA:151,19
DA:153,5
DA:155,3
DA:157,2
DA:159,4
DA:161,61
DA:175,19
DA:176,19
DA:177,19
DA:178,19
DA:179,19
DA:180,19
DA:181,19
DA:201,10
DA:202,10
DA:214,6
DA:215,6
DA:216,62
DA:217,35
DA:220,27
DA:223,6
DA:235,39
DA:236,12
DA:239,39
DA:240,39
DA:241,27
DA:243,39
DA:245,39
DA:246,39
DA:248,39
DA:250,39
DA:268,2
DA:270,2
DA:271,6
DA:274,2
DA:284,5
DA:285,5
DA:286,5
DA:287,5
DA:288,3
DA:290,5
DA:291,1
DA:294,5
DA:311,3
DA:312,3
DA:313,3
DA:314,3
DA:315,3
DA:316,3
DA:334,4
DA:335,4
DA:336,4
DA:337,4
DA:338,4
DA:339,4
DA:340,4
DA:341,4
DA:343,4
DA:345,4
DA:366,3
DA:367,2
DA:369,1
DA:379,2
DA:381,2
DA:382,2
DA:383,2
DA:384,2
DA:385,2
DA:386,2
DA:405,7
DA:406,7
DA:407,7
DA:408,7
DA:409,7
DA:410,7
DA:411,7
DA:412,1
DA:413,1
DA:415,7
DA:435,67
DA:436,67
DA:438,64
DA:439,64
DA:441,13
DA:453,2
DA:454,2
DA:455,2
DA:472,5
DA:473,5
DA:474,5
DA:475,5
DA:492,7
DA:494,7
DA:495,9
DA:499,7
DA:509,9
DA:510,9
DA:512,9
DA:516,9
DA:531,7
DA:532,7
DA:542,61
DA:544,61
DA:546,61
DA:548,61
DA:563,61
DA:564,59
DA:566,59
DA:577,89
DA:588,122
DA:589,122
DA:590,106
DA:593,16
DA:600,14
DA:604,14
DA:615,122
DA:616,122
DA:617,1
DA:618,1
DA:619,1
DA:627,122
DA:638,123
DA:639,123
DA:640,2
DA:641,2
DA:642,2
DA:650,123
DA:661,125
DA:663,125
DA:664,12
DA:665,12
DA:666,12
DA:677,125
DA:688,137
DA:690,137
DA:691,9
DA:692,9
DA:693,9
DA:704,137
DA:716,146
DA:717,146
DA:718,5
DA:719,5
DA:720,5
DA:731,146
DA:743,151
DA:744,151
DA:745,3
DA:746,3
DA:747,3
DA:758,151
DA:770,158
DA:772,2
DA:773,2
DA:775,2
DA:776,2
DA:779,158
DA:780,4
DA:781,4
DA:792,154
DA:805,154
DA:806,2
DA:808,152
DA:810,152
DA:811,4
DA:813,148
DA:826,7
DA:827,7
DA:833,7
DA:834,1
DA:836,7
DA:847,9
DA:848,9
DA:849,9
DA:851,9
DA:868,5
DA:869,5
DA:870,12
DA:872,5
DA:882,12
DA:883,12
DA:884,12
DA:886,12
DA:901,154
DA:902,154
DA:903,7
DA:904,3
DA:905,3
DA:906,3
DA:918,7
DA:919,4
DA:920,4
DA:921,4
DA:922,4
DA:935,154
DA:944,151
DA:945,151
DA:961,16
DA:962,8
DA:964,8
DA:983,167
DA:984,90
DA:986,77
DA:988,7
DA:990,1
DA:992,65
DA:994,2
DA:996,2
DA:998,0
DA:1009,2
DA:1010,2
DA:1011,2
DA:1012,2
DA:1030,2
DA:1031,2
DA:1043,2
DA:1044,2
DA:1057,1
DA:1058,1
DA:1059,1
DA:1061,1
DA:1078,90
DA:1080,70
DA:1082,8
DA:1084,6
DA:1086,4
DA:1088,2
DA:1107,7
DA:1108,7
DA:1109,7
DA:1110,2
DA:1111,2
DA:1117,5
DA:1118,13
DA:1120,5
DA:1121,5
DA:1136,10
DA:1137,10
DA:1151,2
DA:1152,2
DA:1165,70
DA:1166,70
DA:1176,8
DA:1177,8
LF:277
LH:276
BRDA:20,0,0,55
BRDA:43,1,0,6
BRDA:43,1,1,86
BRDA:93,2,0,94
BRDA:95,3,0,234
BRDA:95,3,1,142
BRDA:108,4,0,121
BRDA:108,4,1,113
BRDA:132,5,0,2
BRDA:132,5,1,251
BRDA:135,6,0,5
BRDA:135,6,1,106
BRDA:135,6,2,7
BRDA:135,6,3,22
BRDA:135,6,4,5
BRDA:135,6,5,12
BRDA:135,6,6,19
BRDA:135,6,7,5
BRDA:135,6,8,3
BRDA:135,6,9,2
BRDA:135,6,10,4
BRDA:135,6,11,61
BRDA:177,7,0,10
BRDA:177,7,1,9
BRDA:179,8,0,13
BRDA:179,8,1,6
BRDA:216,9,0,35
BRDA:216,9,1,27
BRDA:233,10,0,12
BRDA:235,11,0,12
BRDA:235,11,1,27
BRDA:240,12,0,27
BRDA:240,12,1,12
BRDA:245,13,0,37
BRDA:245,13,1,2
BRDA:272,14,0,6
BRDA:272,14,1,4
BRDA:285,15,0,1
BRDA:285,15,1,4
BRDA:285,16,0,5
BRDA:285,16,1,5
BRDA:287,17,0,3
BRDA:287,17,1,2
BRDA:290,18,0,1
BRDA:290,18,1,4
BRDA:336,19,0,1
BRDA:336,19,1,3
BRDA:338,20,0,1
BRDA:338,20,1,3
BRDA:340,21,0,1
BRDA:340,21,1,3
BRDA:347,22,0,3
BRDA:347,22,1,1
BRDA:348,23,0,3
BRDA:348,23,1,1
BRDA:349,24,0,3
BRDA:349,24,1,1
BRDA:366,25,0,2
BRDA:366,25,1,1
BRDA:411,26,0,1
BRDA:411,26,1,6
BRDA:411,27,0,7
BRDA:411,27,1,7
BRDA:422,28,0,6
BRDA:422,28,1,1
BRDA:460,29,0,2
BRDA:460,29,1,0
BRDA:497,30,0,9
BRDA:497,30,1,9
BRDA:497,30,2,2
BRDA:510,31,0,7
BRDA:510,31,1,2
BRDA:510,32,0,9
BRDA:510,32,1,8
BRDA:514,33,0,2
BRDA:514,33,1,7
BRDA:544,34,0,28
BRDA:544,34,1,33
BRDA:589,35,0,106
BRDA:589,35,1,16
BRDA:616,36,0,123
BRDA:616,36,1,110
BRDA:639,37,0,125
BRDA:639,37,1,112
BRDA:663,38,0,137
BRDA:663,38,1,124
BRDA:690,39,0,146
BRDA:690,39,1,133
BRDA:717,40,0,151
BRDA:717,40,1,138
BRDA:744,41,0,154
BRDA:744,41,1,141
BRDA:770,42,0,2
BRDA:770,42,1,2
BRDA:779,43,0,4
BRDA:779,43,1,154
BRDA:805,44,0,2
BRDA:805,44,1,152
BRDA:810,45,0,4
BRDA:810,45,1,148
BRDA:833,46,0,1
BRDA:833,46,1,6
BRDA:848,47,0,4
BRDA:848,47,1,5
BRDA:871,48,0,12
BRDA:871,48,1,7
BRDA:883,49,0,12
BRDA:883,49,1,0
BRDA:902,50,0,161
BRDA:902,50,1,158
BRDA:903,51,0,3
BRDA:903,51,1,4
BRDA:918,52,0,4
BRDA:918,52,1,3
BRDA:961,53,0,8
BRDA:961,53,1,8
BRDA:983,54,0,90
BRDA:983,54,1,77
BRDA:986,55,0,7
BRDA:986,55,1,1
BRDA:986,55,2,65
BRDA:986,55,3,2
BRDA:986,55,4,2
BRDA:986,55,5,0
BRDA:1078,56,0,70
BRDA:1078,56,1,8
BRDA:1078,56,2,6
BRDA:1078,56,3,4
BRDA:1078,56,4,2
BRDA:1109,57,0,2
BRDA:1109,57,1,5
BRDA:1119,58,0,13
BRDA:1119,58,1,13
BRDA:1119,58,2,8
BRF:134
BRH:131
end_of_record
TN:
SF:parsing/parser/parser-error.js
FN:15,(anonymous_0)
FNF:1
FNH:1
FNDA:80,(anonymous_0)
DA:16,80
DA:17,80
LF:2
LH:2
BRF:0
BRH:0
end_of_record
TN:
SF:parsing/parser/parser-helper.js
FN:15,isLiteral
FN:30,isValidAssignmentTarget
FN:42,isAssignmentOperator
FN:51,BooleanTypeToValue
FN:71,isEndOfStatementType
FNF:5
FNH:5
FNDA:167,isLiteral
FNDA:16,isValidAssignmentTarget
FNDA:122,isAssignmentOperator
FNDA:10,BooleanTypeToValue
FNDA:14,isEndOfStatementType
DA:16,167
DA:31,16
DA:32,14
DA:34,2
DA:43,122
DA:52,10
DA:54,6
DA:56,4
DA:72,14
LF:9
LH:9
BRDA:16,0,0,167
BRDA:16,0,1,167
BRDA:16,0,2,97
BRDA:16,0,3,89
BRDA:16,0,4,83
BRDA:16,0,5,79
BRDA:31,1,0,14
BRDA:31,1,1,2
BRDA:31,2,0,16
BRDA:31,2,1,4
BRDA:43,3,0,122
BRDA:43,3,1,114
BRDA:52,4,0,6
BRDA:52,4,1,4
BRDA:72,5,0,14
BRDA:72,5,1,13
BRF:16
BRH:16
end_of_record
TN:
SF:parsing/parser/ASTNode/ASTNode.js
FN:1,ASTNode
FNF:1
FNH:1
FNDA:78,ASTNode
DA:3,78
LF:1
LH:1
BRDA:1,0,0,0
BRF:1
BRH:0
end_of_record
TN:
SF:parsing/tokenizer/TOKEN_CONST_TYPES.js
FNF:0
FNH:0
DA:10,26
LF:1
LH:1
BRF:0
BRH:0
end_of_record
TN:
SF:parsing/tokenizer/Tokenizer.js
FN:40,(anonymous_0)
FN:52,(anonymous_1)
FN:61,(anonymous_2)
FN:74,(anonymous_3)
FN:85,(anonymous_4)
FN:98,(anonymous_5)
FN:107,(anonymous_6)
FN:109,(anonymous_7)
FN:126,(anonymous_8)
FNF:9
FNH:8
FNDA:95,(anonymous_0)
FNDA:0,(anonymous_1)
FNDA:3236,(anonymous_2)
FNDA:2122,(anonymous_3)
FNDA:17560,(anonymous_4)
FNDA:2016,(anonymous_5)
FNDA:12,(anonymous_6)
FNDA:216,(anonymous_7)
FNDA:2122,(anonymous_8)
DA:41,95
DA:42,95
DA:43,95
DA:44,95
DA:45,95
DA:62,3236
DA:75,2122
DA:86,17560
DA:87,17560
DA:88,15544
DA:90,2016
DA:91,2016
DA:99,2016
DA:100,2016
DA:108,12
DA:109,12
DA:110,216
DA:111,3
DA:112,3
DA:114,213
DA:127,2122
DA:128,105
DA:130,2017
DA:131,2017
DA:133,2017
DA:135,17560
DA:138,17560
DA:139,15544
DA:142,2016
DA:143,144
DA:144,144
DA:147,2016
DA:148,1085
DA:149,1
DA:151,1085
DA:153,931
DA:154,3
DA:159,3
DA:161,928
DA:162,4
DA:163,4
DA:168,4
DA:170,924
DA:171,8
DA:172,8
DA:174,924
DA:181,1
LF:47
LH:47
BRDA:87,0,0,15544
BRDA:87,0,1,2016
BRDA:110,1,0,3
BRDA:110,1,1,213
BRDA:127,2,0,105
BRDA:127,2,1,2017
BRDA:138,3,0,15544
BRDA:138,3,1,2016
BRDA:142,4,0,144
BRDA:142,4,1,1872
BRDA:147,5,0,1085
BRDA:147,5,1,931
BRDA:148,6,0,1
BRDA:148,6,1,1084
BRDA:153,7,0,3
BRDA:153,7,1,928
BRDA:161,8,0,4
BRDA:161,8,1,924
BRDA:170,9,0,8
BRDA:170,9,1,916
BRF:20
BRH:20
end_of_record
TN:
SF:parsing/tokenizer/tokenHierarchy.js
FNF:0
FNH:0
DA:12,26
LF:1
LH:1
BRF:0
BRH:0
end_of_record
